TN:
SF:app.js
FN:24,(anonymous_0)
FN:32,(anonymous_1)
FN:45,(anonymous_2)
FNF:3
FNH:3
FNDA:16,(anonymous_0)
FNDA:1,(anonymous_1)
FNDA:1,(anonymous_2)
DA:1,1
DA:2,1
DA:3,1
DA:4,1
DA:5,1
DA:6,1
DA:9,1
DA:10,1
DA:11,1
DA:12,1
DA:14,1
DA:16,1
DA:18,1
DA:19,1
DA:20,1
DA:21,1
DA:22,1
DA:24,1
DA:25,16
DA:26,16
DA:27,16
DA:28,16
DA:31,1
DA:32,1
DA:33,1
DA:34,0
DA:35,0
DA:37,1
DA:40,1
DA:41,1
DA:42,1
DA:43,1
DA:45,1
DA:46,1
DA:49,1
LF:35
LH:33
BRDA:33,0,0,0
BRDA:33,0,1,1
BRF:2
BRH:1
end_of_record
TN:
SF:controllers\forgot_password\forgotPasswordController.js
FN:4,forgotPassword
FN:6,(anonymous_1)
FNF:2
FNH:2
FNDA:2,forgotPassword
FNDA:2,(anonymous_1)
DA:1,1
DA:2,1
DA:5,2
DA:6,2
DA:7,2
DA:8,0
DA:9,0
DA:11,2
DA:12,1
DA:15,1
DA:16,1
DA:18,2
DA:22,1
LF:13
LH:11
BRDA:7,0,0,0
BRDA:7,0,1,2
BRDA:11,1,0,1
BRDA:11,1,1,1
BRF:4
BRH:3
end_of_record
TN:
SF:controllers\forgot_password\mailer.js
FN:3,mailTo
FN:19,(anonymous_1)
FNF:2
FNH:2
FNDA:1,mailTo
FNDA:1,(anonymous_1)
DA:1,1
DA:4,1
DA:12,1
DA:19,1
DA:20,1
DA:21,0
DA:23,1
DA:28,1
LF:8
LH:7
BRDA:20,0,0,0
BRDA:20,0,1,1
BRF:2
BRH:1
end_of_record
TN:
SF:controllers\hash\hash.js
FN:3,encrpytPassword
FN:7,checkPassword
FNF:2
FNH:2
FNDA:1,encrpytPassword
FNDA:2,checkPassword
DA:1,1
DA:4,1
DA:8,2
DA:11,1
LF:4
LH:4
BRF:0
BRH:0
end_of_record
TN:
SF:controllers\login\loginController.js
FN:5,login
FN:16,(anonymous_1)
FNF:2
FNH:2
FNDA:3,login
FNDA:3,(anonymous_1)
DA:1,1
DA:2,1
DA:3,1
DA:6,3
DA:7,3
DA:8,3
DA:9,3
DA:10,3
DA:11,0
DA:14,3
DA:16,3
DA:17,3
DA:19,2
DA:20,0
DA:21,0
DA:23,2
DA:24,1
DA:28,1
DA:29,1
DA:32,1
DA:33,1
DA:37,1
DA:43,0
DA:44,0
DA:48,1
LF:25
LH:20
BRDA:9,0,0,3
BRDA:9,0,1,0
BRDA:9,1,0,3
BRDA:9,1,1,3
BRDA:10,2,0,0
BRDA:10,2,1,3
BRDA:17,3,0,2
BRDA:17,3,1,1
BRDA:19,4,0,0
BRDA:19,4,1,2
BRDA:23,5,0,1
BRDA:23,5,1,1
BRF:12
BRH:9
end_of_record
TN:
SF:controllers\reset_password\resetPasswordController.js
FN:3,(anonymous_0)
FN:5,(anonymous_1)
FN:19,(anonymous_2)
FNF:3
FNH:3
FNDA:1,(anonymous_0)
FNDA:1,(anonymous_1)
FNDA:1,(anonymous_2)
DA:1,1
DA:3,1
DA:5,1
DA:6,1
DA:7,0
DA:8,0
DA:11,1
DA:12,0
DA:13,0
DA:17,1
DA:19,1
DA:20,1
DA:21,0
DA:22,0
DA:25,1
DA:26,1
DA:33,1
LF:17
LH:11
BRDA:6,0,0,0
BRDA:6,0,1,1
BRDA:11,1,0,0
BRDA:11,1,1,1
BRDA:20,2,0,0
BRDA:20,2,1,1
BRF:6
BRH:3
end_of_record
TN:
SF:controllers\user_controller\Mail.js
FN:3,sendCredentialstoMail
FN:17,(anonymous_1)
FNF:2
FNH:2
FNDA:1,sendCredentialstoMail
FNDA:1,(anonymous_1)
DA:1,1
DA:4,1
DA:11,1
DA:17,1
DA:18,1
DA:19,0
DA:21,1
DA:26,1
LF:8
LH:7
BRDA:18,0,0,0
BRDA:18,0,1,1
BRF:2
BRH:1
end_of_record
TN:
SF:controllers\user_controller\PasswordGenarator.js
FNF:0
FNH:0
DA:1,1
DA:3,1
DA:8,1
LF:3
LH:3
BRF:0
BRH:0
end_of_record
TN:
SF:controllers\user_controller\userController.js
FN:6,addUser
FN:19,(anonymous_1)
FN:45,getAllUsers
FN:60,updateUser
FN:63,(anonymous_4)
FN:74,(anonymous_5)
FN:83,getByID
FN:97,search
FNF:8
FNH:8
FNDA:3,addUser
FNDA:91,(anonymous_1)
FNDA:1,getAllUsers
FNDA:2,updateUser
FNDA:2,(anonymous_4)
FNDA:1,(anonymous_5)
FNDA:2,getByID
FNDA:2,search
DA:1,1
DA:2,1
DA:3,1
DA:4,1
DA:7,3
DA:8,3
DA:9,3
DA:10,3
DA:11,3
DA:12,3
DA:13,3
DA:15,3
DA:16,1
DA:19,91
DA:20,1
DA:23,1
DA:24,1
DA:32,1
DA:33,1
DA:37,1
DA:41,0
DA:46,1
DA:47,1
DA:50,1
DA:51,0
DA:53,1
DA:55,0
DA:61,2
DA:62,2
DA:65,2
DA:66,1
DA:68,1
DA:72,1
DA:74,1
DA:75,1
DA:76,1
DA:80,0
DA:84,2
DA:85,2
DA:88,2
DA:89,0
DA:91,2
DA:93,0
DA:98,2
DA:99,2
DA:100,2
DA:101,2
DA:102,2
DA:103,2
DA:105,2
DA:106,0
DA:108,2
DA:109,0
DA:111,2
DA:112,0
DA:114,2
DA:115,2
DA:117,2
DA:118,2
DA:119,2
DA:121,2
DA:122,1
DA:124,1
DA:127,0
DA:132,1
LF:65
LH:55
BRDA:15,0,0,1
BRDA:15,0,1,2
BRDA:15,1,0,3
BRDA:15,1,1,2
BRDA:15,1,2,2
BRDA:15,1,3,2
BRDA:15,1,4,2
BRDA:19,2,0,1
BRDA:19,2,1,1
BRDA:50,3,0,0
BRDA:50,3,1,1
BRDA:65,4,0,1
BRDA:65,4,1,1
BRDA:75,5,0,0
BRDA:75,5,1,1
BRDA:88,6,0,0
BRDA:88,6,1,2
BRDA:100,7,0,2
BRDA:100,7,1,0
BRDA:102,8,0,2
BRDA:102,8,1,0
BRDA:105,9,0,0
BRDA:105,9,1,2
BRDA:108,10,0,0
BRDA:108,10,1,2
BRDA:111,11,0,0
BRDA:111,11,1,2
BRDA:114,12,0,2
BRDA:114,12,1,0
BRDA:121,13,0,1
BRDA:121,13,1,1
BRF:31
BRH:22
end_of_record
TN:
SF:models\User.js
FNF:0
FNH:0
DA:1,1
DA:4,1
DA:56,1
LF:3
LH:3
BRF:0
BRH:0
end_of_record
TN:
SF:routes\forgot_password\forgotPasswordRoutes.js
FNF:0
FNH:0
DA:1,1
DA:2,1
DA:4,1
DA:6,1
DA:8,1
LF:5
LH:5
BRF:0
BRH:0
end_of_record
TN:
SF:routes\login\loginRoutes.js
FNF:0
FNH:0
DA:1,1
DA:2,1
DA:4,1
DA:6,1
DA:8,1
LF:5
LH:5
BRF:0
BRH:0
end_of_record
TN:
SF:routes\reset_password\resetPasswordRoutes.js
FNF:0
FNH:0
DA:1,1
DA:2,1
DA:4,1
DA:6,1
DA:8,1
LF:5
LH:5
BRF:0
BRH:0
end_of_record
TN:
SF:routes\user_routes\userRoutes.js
FNF:0
FNH:0
DA:1,1
DA:2,1
DA:4,1
DA:5,1
DA:6,1
DA:8,1
DA:10,1
DA:11,1
DA:14,1
LF:9
LH:9
BRF:0
BRH:0
end_of_record
