{"C:\\Users\\NR75253\\Desktop\\PANEL_MANAGEMENT_FRONTEND\\frontend\\src\\App.js": {"path":"C:\\Users\\NR75253\\Desktop\\PANEL_MANAGEMENT_FRONTEND\\frontend\\src\\App.js","statementMap":{"0":{"start":{"line":53,"column":26},"end":{"line":53,"column":36}},"1":{"start":{"line":54,"column":15},"end":{"line":54,"column":38}},"2":{"start":{"line":55,"column":16},"end":{"line":55,"column":47}},"3":{"start":{"line":56,"column":19},"end":{"line":56,"column":32}},"4":{"start":{"line":58,"column":2},"end":{"line":58,"column":20}},"5":{"start":{"line":60,"column":2},"end":{"line":106,"column":30}},"6":{"start":{"line":61,"column":26},"end":{"line":61,"column":30}},"7":{"start":{"line":63,"column":4},"end":{"line":101,"column":5}},"8":{"start":{"line":64,"column":21},"end":{"line":64,"column":38}},"9":{"start":{"line":65,"column":6},"end":{"line":65,"column":26}},"10":{"start":{"line":66,"column":6},"end":{"line":75,"column":7}},"11":{"start":{"line":67,"column":8},"end":{"line":74,"column":10}},"12":{"start":{"line":77,"column":6},"end":{"line":100,"column":7}},"13":{"start":{"line":78,"column":8},"end":{"line":78,"column":26}},"14":{"start":{"line":79,"column":28},"end":{"line":95,"column":9}},"15":{"start":{"line":80,"column":35},"end":{"line":88,"column":11}},"16":{"start":{"line":91,"column":12},"end":{"line":91,"column":41}},"17":{"start":{"line":92,"column":10},"end":{"line":92,"column":36}},"18":{"start":{"line":94,"column":10},"end":{"line":94,"column":43}},"19":{"start":{"line":97,"column":8},"end":{"line":99,"column":9}},"20":{"start":{"line":98,"column":10},"end":{"line":98,"column":24}},"21":{"start":{"line":103,"column":4},"end":{"line":105,"column":6}},"22":{"start":{"line":104,"column":6},"end":{"line":104,"column":30}},"23":{"start":{"line":108,"column":2},"end":{"line":108,"column":20}},"24":{"start":{"line":109,"column":2},"end":{"line":109,"column":20}},"25":{"start":{"line":111,"column":2},"end":{"line":617,"column":4}}},"fnMap":{"0":{"name":"App","decl":{"start":{"line":52,"column":9},"end":{"line":52,"column":12}},"loc":{"start":{"line":52,"column":15},"end":{"line":618,"column":1}},"line":52},"1":{"name":"(anonymous_1)","decl":{"start":{"line":60,"column":12},"end":{"line":60,"column":13}},"loc":{"start":{"line":60,"column":18},"end":{"line":106,"column":3}},"line":60},"2":{"name":"(anonymous_2)","decl":{"start":{"line":79,"column":28},"end":{"line":79,"column":29}},"loc":{"start":{"line":79,"column":40},"end":{"line":95,"column":9}},"line":79},"3":{"name":"(anonymous_3)","decl":{"start":{"line":103,"column":11},"end":{"line":103,"column":12}},"loc":{"start":{"line":103,"column":17},"end":{"line":105,"column":5}},"line":103}},"branchMap":{"0":{"loc":{"start":{"line":63,"column":4},"end":{"line":101,"column":5}},"type":"if","locations":[{"start":{"line":63,"column":4},"end":{"line":101,"column":5}},{"start":{},"end":{}}],"line":63},"1":{"loc":{"start":{"line":66,"column":6},"end":{"line":75,"column":7}},"type":"if","locations":[{"start":{"line":66,"column":6},"end":{"line":75,"column":7}},{"start":{},"end":{}}],"line":66},"2":{"loc":{"start":{"line":77,"column":6},"end":{"line":100,"column":7}},"type":"if","locations":[{"start":{"line":77,"column":6},"end":{"line":100,"column":7}},{"start":{},"end":{}}],"line":77},"3":{"loc":{"start":{"line":97,"column":8},"end":{"line":99,"column":9}},"type":"if","locations":[{"start":{"line":97,"column":8},"end":{"line":99,"column":9}},{"start":{},"end":{}}],"line":97},"4":{"loc":{"start":{"line":116,"column":9},"end":{"line":614,"column":9}},"type":"cond-expr","locations":[{"start":{"line":117,"column":10},"end":{"line":143,"column":13}},{"start":{"line":145,"column":10},"end":{"line":613,"column":13}}],"line":116},"5":{"loc":{"start":{"line":146,"column":13},"end":{"line":318,"column":13}},"type":"binary-expr","locations":[{"start":{"line":146,"column":13},"end":{"line":146,"column":35}},{"start":{"line":147,"column":14},"end":{"line":317,"column":17}}],"line":146},"6":{"loc":{"start":{"line":319,"column":13},"end":{"line":436,"column":13}},"type":"binary-expr","locations":[{"start":{"line":319,"column":13},"end":{"line":319,"column":34}},{"start":{"line":320,"column":14},"end":{"line":435,"column":17}}],"line":319},"7":{"loc":{"start":{"line":437,"column":13},"end":{"line":548,"column":13}},"type":"binary-expr","locations":[{"start":{"line":437,"column":13},"end":{"line":437,"column":34}},{"start":{"line":438,"column":14},"end":{"line":547,"column":17}}],"line":437}},"s":{"0":0,"1":0,"2":0,"3":0,"4":0,"5":0,"6":0,"7":0,"8":0,"9":0,"10":0,"11":0,"12":0,"13":0,"14":0,"15":0,"16":0,"17":0,"18":0,"19":0,"20":0,"21":0,"22":0,"23":0,"24":0,"25":0},"f":{"0":0,"1":0,"2":0,"3":0},"b":{"0":[0,0],"1":[0,0],"2":[0,0],"3":[0,0],"4":[0,0],"5":[0,0],"6":[0,0],"7":[0,0]}}
,"C:\\Users\\NR75253\\Desktop\\PANEL_MANAGEMENT_FRONTEND\\frontend\\src\\Components\\Panel\\AddPanel\\AddPanel.js": {"path":"C:\\Users\\NR75253\\Desktop\\PANEL_MANAGEMENT_FRONTEND\\frontend\\src\\Components\\Panel\\AddPanel\\AddPanel.js","statementMap":{"0":{"start":{"line":14,"column":36},"end":{"line":16,"column":4}},"1":{"start":{"line":17,"column":24},"end":{"line":17,"column":36}},"2":{"start":{"line":18,"column":32},"end":{"line":18,"column":44}},"3":{"start":{"line":20,"column":30},"end":{"line":20,"column":42}},"4":{"start":{"line":21,"column":27},"end":{"line":21,"column":39}},"5":{"start":{"line":22,"column":28},"end":{"line":22,"column":40}},"6":{"start":{"line":24,"column":30},"end":{"line":24,"column":42}},"7":{"start":{"line":25,"column":21},"end":{"line":32,"column":4}},"8":{"start":{"line":33,"column":28},"end":{"line":33,"column":40}},"9":{"start":{"line":34,"column":46},"end":{"line":34,"column":58}},"10":{"start":{"line":35,"column":17},"end":{"line":35,"column":30}},"11":{"start":{"line":36,"column":33},"end":{"line":36,"column":45}},"12":{"start":{"line":37,"column":51},"end":{"line":37,"column":63}},"13":{"start":{"line":38,"column":41},"end":{"line":38,"column":53}},"14":{"start":{"line":39,"column":37},"end":{"line":39,"column":49}},"15":{"start":{"line":40,"column":35},"end":{"line":40,"column":47}},"16":{"start":{"line":41,"column":42},"end":{"line":41,"column":54}},"17":{"start":{"line":42,"column":44},"end":{"line":42,"column":56}},"18":{"start":{"line":43,"column":40},"end":{"line":43,"column":52}},"19":{"start":{"line":44,"column":50},"end":{"line":44,"column":62}},"20":{"start":{"line":45,"column":31},"end":{"line":45,"column":41}},"21":{"start":{"line":46,"column":47},"end":{"line":46,"column":81}},"22":{"start":{"line":47,"column":43},"end":{"line":47,"column":55}},"23":{"start":{"line":48,"column":25},"end":{"line":48,"column":36}},"24":{"start":{"line":49,"column":32},"end":{"line":49,"column":42}},"25":{"start":{"line":50,"column":28},"end":{"line":50,"column":38}},"26":{"start":{"line":51,"column":53},"end":{"line":51,"column":65}},"27":{"start":{"line":56,"column":2},"end":{"line":63,"column":11}},"28":{"start":{"line":59,"column":19},"end":{"line":59,"column":76}},"29":{"start":{"line":59,"column":52},"end":{"line":59,"column":75}},"30":{"start":{"line":60,"column":4},"end":{"line":60,"column":25}},"31":{"start":{"line":61,"column":3},"end":{"line":61,"column":32}},"32":{"start":{"line":64,"column":2},"end":{"line":67,"column":9}},"33":{"start":{"line":65,"column":4},"end":{"line":65,"column":18}},"34":{"start":{"line":73,"column":2},"end":{"line":83,"column":13}},"35":{"start":{"line":75,"column":4},"end":{"line":75,"column":39}},"36":{"start":{"line":76,"column":4},"end":{"line":76,"column":67}},"37":{"start":{"line":77,"column":4},"end":{"line":77,"column":17}},"38":{"start":{"line":78,"column":4},"end":{"line":78,"column":23}},"39":{"start":{"line":79,"column":4},"end":{"line":79,"column":22}},"40":{"start":{"line":80,"column":4},"end":{"line":80,"column":26}},"41":{"start":{"line":81,"column":4},"end":{"line":81,"column":15}},"42":{"start":{"line":88,"column":2},"end":{"line":93,"column":12}},"43":{"start":{"line":89,"column":18},"end":{"line":91,"column":12}},"44":{"start":{"line":90,"column":6},"end":{"line":90,"column":17}},"45":{"start":{"line":92,"column":4},"end":{"line":92,"column":37}},"46":{"start":{"line":92,"column":17},"end":{"line":92,"column":36}},"47":{"start":{"line":95,"column":2},"end":{"line":100,"column":21}},"48":{"start":{"line":96,"column":18},"end":{"line":98,"column":12}},"49":{"start":{"line":97,"column":6},"end":{"line":97,"column":27}},"50":{"start":{"line":99,"column":4},"end":{"line":99,"column":37}},"51":{"start":{"line":99,"column":17},"end":{"line":99,"column":36}},"52":{"start":{"line":103,"column":2},"end":{"line":108,"column":17}},"53":{"start":{"line":104,"column":18},"end":{"line":106,"column":12}},"54":{"start":{"line":105,"column":6},"end":{"line":105,"column":22}},"55":{"start":{"line":107,"column":4},"end":{"line":107,"column":37}},"56":{"start":{"line":107,"column":17},"end":{"line":107,"column":36}},"57":{"start":{"line":110,"column":2},"end":{"line":115,"column":16}},"58":{"start":{"line":111,"column":18},"end":{"line":113,"column":12}},"59":{"start":{"line":112,"column":6},"end":{"line":112,"column":21}},"60":{"start":{"line":114,"column":4},"end":{"line":114,"column":37}},"61":{"start":{"line":114,"column":17},"end":{"line":114,"column":36}},"62":{"start":{"line":120,"column":4},"end":{"line":149,"column":5}},"63":{"start":{"line":121,"column":23},"end":{"line":123,"column":7}},"64":{"start":{"line":124,"column":19},"end":{"line":124,"column":40}},"65":{"start":{"line":126,"column":6},"end":{"line":126,"column":30}},"66":{"start":{"line":127,"column":6},"end":{"line":127,"column":38}},"67":{"start":{"line":129,"column":6},"end":{"line":142,"column":11}},"68":{"start":{"line":131,"column":12},"end":{"line":131,"column":45}},"69":{"start":{"line":132,"column":12},"end":{"line":132,"column":38}},"70":{"start":{"line":133,"column":12},"end":{"line":133,"column":37}},"71":{"start":{"line":134,"column":12},"end":{"line":134,"column":33}},"72":{"start":{"line":139,"column":15},"end":{"line":142,"column":11}},"73":{"start":{"line":141,"column":12},"end":{"line":141,"column":47}},"74":{"start":{"line":148,"column":6},"end":{"line":148,"column":23}},"75":{"start":{"line":153,"column":26},"end":{"line":161,"column":6}},"76":{"start":{"line":154,"column":6},"end":{"line":160,"column":8}},"77":{"start":{"line":162,"column":4},"end":{"line":162,"column":25}},"78":{"start":{"line":166,"column":26},"end":{"line":176,"column":6}},"79":{"start":{"line":167,"column":6},"end":{"line":175,"column":8}},"80":{"start":{"line":177,"column":4},"end":{"line":177,"column":25}},"81":{"start":{"line":181,"column":4},"end":{"line":196,"column":5}},"82":{"start":{"line":182,"column":32},"end":{"line":184,"column":7}},"83":{"start":{"line":185,"column":19},"end":{"line":185,"column":49}},"84":{"start":{"line":186,"column":6},"end":{"line":186,"column":24}},"85":{"start":{"line":187,"column":6},"end":{"line":187,"column":29}},"86":{"start":{"line":188,"column":6},"end":{"line":188,"column":26}},"87":{"start":{"line":189,"column":6},"end":{"line":189,"column":27}},"88":{"start":{"line":190,"column":6},"end":{"line":190,"column":48}},"89":{"start":{"line":195,"column":6},"end":{"line":195,"column":23}},"90":{"start":{"line":200,"column":21},"end":{"line":200,"column":39}},"91":{"start":{"line":201,"column":19},"end":{"line":201,"column":38}},"92":{"start":{"line":202,"column":4},"end":{"line":237,"column":5}},"93":{"start":{"line":203,"column":6},"end":{"line":203,"column":32}},"94":{"start":{"line":204,"column":6},"end":{"line":204,"column":47}},"95":{"start":{"line":205,"column":11},"end":{"line":237,"column":5}},"96":{"start":{"line":206,"column":6},"end":{"line":206,"column":31}},"97":{"start":{"line":207,"column":6},"end":{"line":207,"column":47}},"98":{"start":{"line":208,"column":11},"end":{"line":237,"column":5}},"99":{"start":{"line":209,"column":6},"end":{"line":209,"column":40}},"100":{"start":{"line":210,"column":6},"end":{"line":210,"column":47}},"101":{"start":{"line":211,"column":11},"end":{"line":237,"column":5}},"102":{"start":{"line":212,"column":6},"end":{"line":212,"column":49}},"103":{"start":{"line":213,"column":11},"end":{"line":237,"column":5}},"104":{"start":{"line":216,"column":6},"end":{"line":216,"column":47}},"105":{"start":{"line":218,"column":6},"end":{"line":226,"column":7}},"106":{"start":{"line":220,"column":10},"end":{"line":220,"column":30}},"107":{"start":{"line":221,"column":10},"end":{"line":221,"column":32}},"108":{"start":{"line":224,"column":8},"end":{"line":224,"column":38}},"109":{"start":{"line":225,"column":8},"end":{"line":225,"column":67}},"110":{"start":{"line":229,"column":9},"end":{"line":237,"column":5}},"111":{"start":{"line":231,"column":6},"end":{"line":231,"column":27}},"112":{"start":{"line":232,"column":6},"end":{"line":232,"column":47}},"113":{"start":{"line":236,"column":6},"end":{"line":236,"column":47}},"114":{"start":{"line":240,"column":4},"end":{"line":240,"column":34}},"115":{"start":{"line":242,"column":4},"end":{"line":242,"column":55}},"116":{"start":{"line":243,"column":4},"end":{"line":243,"column":37}},"117":{"start":{"line":244,"column":4},"end":{"line":244,"column":47}},"118":{"start":{"line":245,"column":4},"end":{"line":247,"column":28}},"119":{"start":{"line":247,"column":4},"end":{"line":247,"column":28}},"120":{"start":{"line":251,"column":4},"end":{"line":251,"column":26}},"121":{"start":{"line":255,"column":4},"end":{"line":255,"column":23}},"122":{"start":{"line":256,"column":4},"end":{"line":256,"column":39}},"123":{"start":{"line":257,"column":4},"end":{"line":257,"column":47}},"124":{"start":{"line":258,"column":4},"end":{"line":262,"column":5}},"125":{"start":{"line":260,"column":8},"end":{"line":260,"column":64}},"126":{"start":{"line":261,"column":8},"end":{"line":261,"column":15}},"127":{"start":{"line":263,"column":4},"end":{"line":269,"column":5}},"128":{"start":{"line":265,"column":6},"end":{"line":265,"column":49}},"129":{"start":{"line":266,"column":6},"end":{"line":266,"column":54}},"130":{"start":{"line":267,"column":6},"end":{"line":267,"column":13}},"131":{"start":{"line":270,"column":4},"end":{"line":275,"column":5}},"132":{"start":{"line":272,"column":6},"end":{"line":272,"column":47}},"133":{"start":{"line":273,"column":6},"end":{"line":273,"column":49}},"134":{"start":{"line":274,"column":6},"end":{"line":274,"column":13}},"135":{"start":{"line":279,"column":27},"end":{"line":289,"column":5}},"136":{"start":{"line":290,"column":21},"end":{"line":290,"column":48}},"137":{"start":{"line":291,"column":4},"end":{"line":306,"column":5}},"138":{"start":{"line":293,"column":6},"end":{"line":293,"column":47}},"139":{"start":{"line":294,"column":11},"end":{"line":306,"column":5}},"140":{"start":{"line":295,"column":6},"end":{"line":295,"column":28}},"141":{"start":{"line":297,"column":6},"end":{"line":297,"column":66}},"142":{"start":{"line":300,"column":6},"end":{"line":300,"column":37}},"143":{"start":{"line":303,"column":6},"end":{"line":305,"column":8}},"144":{"start":{"line":310,"column":4},"end":{"line":320,"column":5}},"145":{"start":{"line":312,"column":23},"end":{"line":312,"column":57}},"146":{"start":{"line":313,"column":17},"end":{"line":313,"column":33}},"147":{"start":{"line":314,"column":6},"end":{"line":314,"column":29}},"148":{"start":{"line":316,"column":6},"end":{"line":316,"column":32}},"149":{"start":{"line":318,"column":6},"end":{"line":318,"column":45}},"150":{"start":{"line":323,"column":14},"end":{"line":323,"column":43}},"151":{"start":{"line":324,"column":18},"end":{"line":324,"column":68}},"152":{"start":{"line":324,"column":50},"end":{"line":324,"column":67}},"153":{"start":{"line":325,"column":4},"end":{"line":325,"column":32}},"154":{"start":{"line":327,"column":15},"end":{"line":327,"column":24}},"155":{"start":{"line":328,"column":4},"end":{"line":332,"column":7}},"156":{"start":{"line":329,"column":6},"end":{"line":331,"column":7}},"157":{"start":{"line":330,"column":8},"end":{"line":330,"column":35}},"158":{"start":{"line":333,"column":4},"end":{"line":333,"column":28}},"159":{"start":{"line":334,"column":4},"end":{"line":334,"column":43}},"160":{"start":{"line":340,"column":18},"end":{"line":340,"column":29}},"161":{"start":{"line":342,"column":5},"end":{"line":355,"column":5}},"162":{"start":{"line":343,"column":19},"end":{"line":343,"column":35}},"163":{"start":{"line":344,"column":6},"end":{"line":344,"column":40}},"164":{"start":{"line":345,"column":6},"end":{"line":345,"column":23}},"165":{"start":{"line":346,"column":6},"end":{"line":346,"column":26}},"166":{"start":{"line":347,"column":6},"end":{"line":347,"column":34}},"167":{"start":{"line":348,"column":18},"end":{"line":348,"column":27}},"168":{"start":{"line":349,"column":7},"end":{"line":349,"column":59}},"169":{"start":{"line":349,"column":44},"end":{"line":349,"column":53}},"170":{"start":{"line":350,"column":7},"end":{"line":350,"column":31}},"171":{"start":{"line":351,"column":19},"end":{"line":351,"column":32}},"172":{"start":{"line":352,"column":7},"end":{"line":352,"column":23}},"173":{"start":{"line":353,"column":7},"end":{"line":353,"column":32}},"174":{"start":{"line":359,"column":15},"end":{"line":359,"column":24}},"175":{"start":{"line":360,"column":4},"end":{"line":365,"column":7}},"176":{"start":{"line":361,"column":6},"end":{"line":363,"column":7}},"177":{"start":{"line":362,"column":8},"end":{"line":362,"column":44}},"178":{"start":{"line":364,"column":6},"end":{"line":364,"column":18}},"179":{"start":{"line":366,"column":4},"end":{"line":366,"column":28}},"180":{"start":{"line":372,"column":15},"end":{"line":372,"column":24}},"181":{"start":{"line":373,"column":4},"end":{"line":377,"column":7}},"182":{"start":{"line":374,"column":6},"end":{"line":376,"column":7}},"183":{"start":{"line":375,"column":8},"end":{"line":375,"column":41}},"184":{"start":{"line":402,"column":4},"end":{"line":405,"column":5}},"185":{"start":{"line":403,"column":6},"end":{"line":403,"column":44}},"186":{"start":{"line":404,"column":6},"end":{"line":404,"column":13}},"187":{"start":{"line":406,"column":4},"end":{"line":409,"column":7}},"188":{"start":{"line":410,"column":4},"end":{"line":410,"column":31}},"189":{"start":{"line":412,"column":4},"end":{"line":412,"column":45}},"190":{"start":{"line":415,"column":2},"end":{"line":417,"column":18}},"191":{"start":{"line":416,"column":4},"end":{"line":416,"column":26}},"192":{"start":{"line":419,"column":2},"end":{"line":730,"column":4}},"193":{"start":{"line":452,"column":22},"end":{"line":452,"column":40}},"194":{"start":{"line":480,"column":22},"end":{"line":480,"column":40}},"195":{"start":{"line":510,"column":22},"end":{"line":510,"column":40}},"196":{"start":{"line":542,"column":22},"end":{"line":542,"column":40}},"197":{"start":{"line":568,"column":22},"end":{"line":568,"column":40}},"198":{"start":{"line":598,"column":24},"end":{"line":598,"column":42}},"199":{"start":{"line":625,"column":18},"end":{"line":708,"column":20}},"200":{"start":{"line":633,"column":30},"end":{"line":633,"column":56}},"201":{"start":{"line":654,"column":30},"end":{"line":654,"column":59}},"202":{"start":{"line":671,"column":30},"end":{"line":671,"column":58}},"203":{"start":{"line":689,"column":43},"end":{"line":689,"column":64}},"204":{"start":{"line":700,"column":28},"end":{"line":700,"column":61}}},"fnMap":{"0":{"name":"AddPanelIG","decl":{"start":{"line":13,"column":9},"end":{"line":13,"column":19}},"loc":{"start":{"line":13,"column":22},"end":{"line":731,"column":1}},"line":13},"1":{"name":"(anonymous_1)","decl":{"start":{"line":56,"column":12},"end":{"line":56,"column":13}},"loc":{"start":{"line":56,"column":16},"end":{"line":63,"column":1}},"line":56},"2":{"name":"(anonymous_2)","decl":{"start":{"line":59,"column":40},"end":{"line":59,"column":41}},"loc":{"start":{"line":59,"column":52},"end":{"line":59,"column":75}},"line":59},"3":{"name":"(anonymous_3)","decl":{"start":{"line":64,"column":12},"end":{"line":64,"column":13}},"loc":{"start":{"line":64,"column":18},"end":{"line":67,"column":3}},"line":64},"4":{"name":"(anonymous_4)","decl":{"start":{"line":73,"column":12},"end":{"line":73,"column":13}},"loc":{"start":{"line":73,"column":16},"end":{"line":83,"column":3}},"line":73},"5":{"name":"(anonymous_5)","decl":{"start":{"line":88,"column":12},"end":{"line":88,"column":13}},"loc":{"start":{"line":88,"column":18},"end":{"line":93,"column":3}},"line":88},"6":{"name":"(anonymous_6)","decl":{"start":{"line":89,"column":29},"end":{"line":89,"column":30}},"loc":{"start":{"line":89,"column":35},"end":{"line":91,"column":5}},"line":89},"7":{"name":"(anonymous_7)","decl":{"start":{"line":92,"column":11},"end":{"line":92,"column":12}},"loc":{"start":{"line":92,"column":17},"end":{"line":92,"column":36}},"line":92},"8":{"name":"(anonymous_8)","decl":{"start":{"line":95,"column":12},"end":{"line":95,"column":13}},"loc":{"start":{"line":95,"column":18},"end":{"line":100,"column":3}},"line":95},"9":{"name":"(anonymous_9)","decl":{"start":{"line":96,"column":29},"end":{"line":96,"column":30}},"loc":{"start":{"line":96,"column":35},"end":{"line":98,"column":5}},"line":96},"10":{"name":"(anonymous_10)","decl":{"start":{"line":99,"column":11},"end":{"line":99,"column":12}},"loc":{"start":{"line":99,"column":17},"end":{"line":99,"column":36}},"line":99},"11":{"name":"(anonymous_11)","decl":{"start":{"line":103,"column":12},"end":{"line":103,"column":13}},"loc":{"start":{"line":103,"column":18},"end":{"line":108,"column":3}},"line":103},"12":{"name":"(anonymous_12)","decl":{"start":{"line":104,"column":29},"end":{"line":104,"column":30}},"loc":{"start":{"line":104,"column":35},"end":{"line":106,"column":5}},"line":104},"13":{"name":"(anonymous_13)","decl":{"start":{"line":107,"column":11},"end":{"line":107,"column":12}},"loc":{"start":{"line":107,"column":17},"end":{"line":107,"column":36}},"line":107},"14":{"name":"(anonymous_14)","decl":{"start":{"line":110,"column":12},"end":{"line":110,"column":13}},"loc":{"start":{"line":110,"column":18},"end":{"line":115,"column":3}},"line":110},"15":{"name":"(anonymous_15)","decl":{"start":{"line":111,"column":29},"end":{"line":111,"column":30}},"loc":{"start":{"line":111,"column":35},"end":{"line":113,"column":5}},"line":111},"16":{"name":"(anonymous_16)","decl":{"start":{"line":114,"column":11},"end":{"line":114,"column":12}},"loc":{"start":{"line":114,"column":17},"end":{"line":114,"column":36}},"line":114},"17":{"name":"fetchUser","decl":{"start":{"line":119,"column":17},"end":{"line":119,"column":26}},"loc":{"start":{"line":119,"column":29},"end":{"line":150,"column":3}},"line":119},"18":{"name":"populate_dropdown","decl":{"start":{"line":152,"column":11},"end":{"line":152,"column":28}},"loc":{"start":{"line":152,"column":41},"end":{"line":163,"column":3}},"line":152},"19":{"name":"(anonymous_19)","decl":{"start":{"line":153,"column":41},"end":{"line":153,"column":42}},"loc":{"start":{"line":153,"column":51},"end":{"line":161,"column":5}},"line":153},"20":{"name":"populate_dropdown_role","decl":{"start":{"line":165,"column":11},"end":{"line":165,"column":33}},"loc":{"start":{"line":165,"column":46},"end":{"line":178,"column":3}},"line":165},"21":{"name":"(anonymous_21)","decl":{"start":{"line":166,"column":41},"end":{"line":166,"column":42}},"loc":{"start":{"line":166,"column":58},"end":{"line":176,"column":5}},"line":166},"22":{"name":"getDropdown","decl":{"start":{"line":180,"column":17},"end":{"line":180,"column":28}},"loc":{"start":{"line":180,"column":31},"end":{"line":197,"column":3}},"line":180},"23":{"name":"Get_panel_data","decl":{"start":{"line":199,"column":11},"end":{"line":199,"column":25}},"loc":{"start":{"line":199,"column":29},"end":{"line":248,"column":3}},"line":199},"24":{"name":"handleCancel","decl":{"start":{"line":250,"column":11},"end":{"line":250,"column":23}},"loc":{"start":{"line":250,"column":26},"end":{"line":252,"column":3}},"line":250},"25":{"name":"submitData","decl":{"start":{"line":254,"column":17},"end":{"line":254,"column":27}},"loc":{"start":{"line":254,"column":31},"end":{"line":307,"column":3}},"line":254},"26":{"name":"refreshDataRole","decl":{"start":{"line":309,"column":11},"end":{"line":309,"column":26}},"loc":{"start":{"line":309,"column":37},"end":{"line":337,"column":3}},"line":309},"27":{"name":"(anonymous_27)","decl":{"start":{"line":324,"column":39},"end":{"line":324,"column":40}},"loc":{"start":{"line":324,"column":50},"end":{"line":324,"column":67}},"line":324},"28":{"name":"(anonymous_28)","decl":{"start":{"line":328,"column":13},"end":{"line":328,"column":14}},"loc":{"start":{"line":328,"column":26},"end":{"line":332,"column":5}},"line":328},"29":{"name":"deleteRow","decl":{"start":{"line":339,"column":11},"end":{"line":339,"column":20}},"loc":{"start":{"line":339,"column":34},"end":{"line":356,"column":3}},"line":339},"30":{"name":"(anonymous_30)","decl":{"start":{"line":349,"column":39},"end":{"line":349,"column":40}},"loc":{"start":{"line":349,"column":44},"end":{"line":349,"column":53}},"line":349},"31":{"name":"refreshDataIntType","decl":{"start":{"line":358,"column":11},"end":{"line":358,"column":29}},"loc":{"start":{"line":358,"column":36},"end":{"line":369,"column":3}},"line":358},"32":{"name":"(anonymous_32)","decl":{"start":{"line":360,"column":20},"end":{"line":360,"column":21}},"loc":{"start":{"line":360,"column":37},"end":{"line":365,"column":5}},"line":360},"33":{"name":"refreshDataActive","decl":{"start":{"line":371,"column":11},"end":{"line":371,"column":28}},"loc":{"start":{"line":371,"column":39},"end":{"line":378,"column":3}},"line":371},"34":{"name":"(anonymous_34)","decl":{"start":{"line":373,"column":20},"end":{"line":373,"column":21}},"loc":{"start":{"line":373,"column":33},"end":{"line":377,"column":5}},"line":373},"35":{"name":"addNewRole","decl":{"start":{"line":380,"column":11},"end":{"line":380,"column":21}},"loc":{"start":{"line":380,"column":29},"end":{"line":413,"column":3}},"line":380},"36":{"name":"(anonymous_36)","decl":{"start":{"line":415,"column":12},"end":{"line":415,"column":13}},"loc":{"start":{"line":415,"column":18},"end":{"line":417,"column":3}},"line":415},"37":{"name":"(anonymous_37)","decl":{"start":{"line":451,"column":30},"end":{"line":451,"column":31}},"loc":{"start":{"line":451,"column":37},"end":{"line":453,"column":21}},"line":451},"38":{"name":"(anonymous_38)","decl":{"start":{"line":479,"column":30},"end":{"line":479,"column":31}},"loc":{"start":{"line":479,"column":37},"end":{"line":481,"column":21}},"line":479},"39":{"name":"(anonymous_39)","decl":{"start":{"line":509,"column":30},"end":{"line":509,"column":31}},"loc":{"start":{"line":509,"column":37},"end":{"line":511,"column":21}},"line":509},"40":{"name":"(anonymous_40)","decl":{"start":{"line":541,"column":30},"end":{"line":541,"column":31}},"loc":{"start":{"line":541,"column":37},"end":{"line":543,"column":21}},"line":541},"41":{"name":"(anonymous_41)","decl":{"start":{"line":567,"column":30},"end":{"line":567,"column":31}},"loc":{"start":{"line":567,"column":37},"end":{"line":569,"column":21}},"line":567},"42":{"name":"(anonymous_42)","decl":{"start":{"line":597,"column":32},"end":{"line":597,"column":33}},"loc":{"start":{"line":597,"column":39},"end":{"line":599,"column":23}},"line":597},"43":{"name":"(anonymous_43)","decl":{"start":{"line":624,"column":31},"end":{"line":624,"column":32}},"loc":{"start":{"line":624,"column":48},"end":{"line":709,"column":17}},"line":624},"44":{"name":"(anonymous_44)","decl":{"start":{"line":632,"column":38},"end":{"line":632,"column":39}},"loc":{"start":{"line":632,"column":45},"end":{"line":634,"column":29}},"line":632},"45":{"name":"(anonymous_45)","decl":{"start":{"line":653,"column":38},"end":{"line":653,"column":39}},"loc":{"start":{"line":653,"column":45},"end":{"line":655,"column":29}},"line":653},"46":{"name":"(anonymous_46)","decl":{"start":{"line":669,"column":38},"end":{"line":669,"column":39}},"loc":{"start":{"line":669,"column":45},"end":{"line":672,"column":29}},"line":669},"47":{"name":"(anonymous_47)","decl":{"start":{"line":689,"column":37},"end":{"line":689,"column":38}},"loc":{"start":{"line":689,"column":42},"end":{"line":689,"column":65}},"line":689},"48":{"name":"(anonymous_48)","decl":{"start":{"line":698,"column":35},"end":{"line":698,"column":36}},"loc":{"start":{"line":698,"column":42},"end":{"line":701,"column":27}},"line":698}},"branchMap":{"0":{"loc":{"start":{"line":59,"column":52},"end":{"line":59,"column":75}},"type":"cond-expr","locations":[{"start":{"line":59,"column":65},"end":{"line":59,"column":70}},{"start":{"line":59,"column":71},"end":{"line":59,"column":75}}],"line":59},"1":{"loc":{"start":{"line":129,"column":6},"end":{"line":142,"column":11}},"type":"if","locations":[{"start":{"line":129,"column":6},"end":{"line":142,"column":11}},{"start":{"line":139,"column":15},"end":{"line":142,"column":11}}],"line":129},"2":{"loc":{"start":{"line":139,"column":15},"end":{"line":142,"column":11}},"type":"if","locations":[{"start":{"line":139,"column":15},"end":{"line":142,"column":11}},{"start":{},"end":{}}],"line":139},"3":{"loc":{"start":{"line":202,"column":4},"end":{"line":237,"column":5}},"type":"if","locations":[{"start":{"line":202,"column":4},"end":{"line":237,"column":5}},{"start":{"line":205,"column":11},"end":{"line":237,"column":5}}],"line":202},"4":{"loc":{"start":{"line":205,"column":11},"end":{"line":237,"column":5}},"type":"if","locations":[{"start":{"line":205,"column":11},"end":{"line":237,"column":5}},{"start":{"line":208,"column":11},"end":{"line":237,"column":5}}],"line":205},"5":{"loc":{"start":{"line":208,"column":11},"end":{"line":237,"column":5}},"type":"if","locations":[{"start":{"line":208,"column":11},"end":{"line":237,"column":5}},{"start":{"line":211,"column":11},"end":{"line":237,"column":5}}],"line":208},"6":{"loc":{"start":{"line":211,"column":11},"end":{"line":237,"column":5}},"type":"if","locations":[{"start":{"line":211,"column":11},"end":{"line":237,"column":5}},{"start":{"line":213,"column":11},"end":{"line":237,"column":5}}],"line":211},"7":{"loc":{"start":{"line":213,"column":11},"end":{"line":237,"column":5}},"type":"if","locations":[{"start":{"line":213,"column":11},"end":{"line":237,"column":5}},{"start":{"line":229,"column":9},"end":{"line":237,"column":5}}],"line":213},"8":{"loc":{"start":{"line":218,"column":6},"end":{"line":226,"column":7}},"type":"if","locations":[{"start":{"line":218,"column":6},"end":{"line":226,"column":7}},{"start":{"line":223,"column":10},"end":{"line":226,"column":7}}],"line":218},"9":{"loc":{"start":{"line":218,"column":9},"end":{"line":218,"column":82}},"type":"binary-expr","locations":[{"start":{"line":218,"column":9},"end":{"line":218,"column":43}},{"start":{"line":218,"column":47},"end":{"line":218,"column":82}}],"line":218},"10":{"loc":{"start":{"line":229,"column":9},"end":{"line":237,"column":5}},"type":"if","locations":[{"start":{"line":229,"column":9},"end":{"line":237,"column":5}},{"start":{"line":235,"column":9},"end":{"line":237,"column":5}}],"line":229},"11":{"loc":{"start":{"line":245,"column":4},"end":{"line":247,"column":28}},"type":"if","locations":[{"start":{"line":245,"column":4},"end":{"line":247,"column":28}},{"start":{},"end":{}}],"line":245},"12":{"loc":{"start":{"line":258,"column":4},"end":{"line":262,"column":5}},"type":"if","locations":[{"start":{"line":258,"column":4},"end":{"line":262,"column":5}},{"start":{},"end":{}}],"line":258},"13":{"loc":{"start":{"line":263,"column":4},"end":{"line":269,"column":5}},"type":"if","locations":[{"start":{"line":263,"column":4},"end":{"line":269,"column":5}},{"start":{},"end":{}}],"line":263},"14":{"loc":{"start":{"line":270,"column":4},"end":{"line":275,"column":5}},"type":"if","locations":[{"start":{"line":270,"column":4},"end":{"line":275,"column":5}},{"start":{},"end":{}}],"line":270},"15":{"loc":{"start":{"line":291,"column":4},"end":{"line":306,"column":5}},"type":"if","locations":[{"start":{"line":291,"column":4},"end":{"line":306,"column":5}},{"start":{"line":294,"column":11},"end":{"line":306,"column":5}}],"line":291},"16":{"loc":{"start":{"line":294,"column":11},"end":{"line":306,"column":5}},"type":"if","locations":[{"start":{"line":294,"column":11},"end":{"line":306,"column":5}},{"start":{"line":301,"column":11},"end":{"line":306,"column":5}}],"line":294},"17":{"loc":{"start":{"line":310,"column":4},"end":{"line":320,"column":5}},"type":"if","locations":[{"start":{"line":310,"column":4},"end":{"line":320,"column":5}},{"start":{},"end":{}}],"line":310},"18":{"loc":{"start":{"line":324,"column":50},"end":{"line":324,"column":67}},"type":"cond-expr","locations":[{"start":{"line":324,"column":58},"end":{"line":324,"column":62}},{"start":{"line":324,"column":63},"end":{"line":324,"column":67}}],"line":324},"19":{"loc":{"start":{"line":329,"column":6},"end":{"line":331,"column":7}},"type":"if","locations":[{"start":{"line":329,"column":6},"end":{"line":331,"column":7}},{"start":{},"end":{}}],"line":329},"20":{"loc":{"start":{"line":342,"column":5},"end":{"line":355,"column":5}},"type":"if","locations":[{"start":{"line":342,"column":5},"end":{"line":355,"column":5}},{"start":{},"end":{}}],"line":342},"21":{"loc":{"start":{"line":361,"column":6},"end":{"line":363,"column":7}},"type":"if","locations":[{"start":{"line":361,"column":6},"end":{"line":363,"column":7}},{"start":{},"end":{}}],"line":361},"22":{"loc":{"start":{"line":374,"column":6},"end":{"line":376,"column":7}},"type":"if","locations":[{"start":{"line":374,"column":6},"end":{"line":376,"column":7}},{"start":{},"end":{}}],"line":374},"23":{"loc":{"start":{"line":402,"column":4},"end":{"line":405,"column":5}},"type":"if","locations":[{"start":{"line":402,"column":4},"end":{"line":405,"column":5}},{"start":{},"end":{}}],"line":402},"24":{"loc":{"start":{"line":683,"column":25},"end":{"line":692,"column":25}},"type":"cond-expr","locations":[{"start":{"line":684,"column":26},"end":{"line":684,"column":31}},{"start":{"line":686,"column":26},"end":{"line":691,"column":35}}],"line":683}},"s":{"0":0,"1":0,"2":0,"3":0,"4":0,"5":0,"6":0,"7":0,"8":0,"9":0,"10":0,"11":0,"12":0,"13":0,"14":0,"15":0,"16":0,"17":0,"18":0,"19":0,"20":0,"21":0,"22":0,"23":0,"24":0,"25":0,"26":0,"27":0,"28":0,"29":0,"30":0,"31":0,"32":0,"33":0,"34":0,"35":0,"36":0,"37":0,"38":0,"39":0,"40":0,"41":0,"42":0,"43":0,"44":0,"45":0,"46":0,"47":0,"48":0,"49":0,"50":0,"51":0,"52":0,"53":0,"54":0,"55":0,"56":0,"57":0,"58":0,"59":0,"60":0,"61":0,"62":0,"63":0,"64":0,"65":0,"66":0,"67":0,"68":0,"69":0,"70":0,"71":0,"72":0,"73":0,"74":0,"75":0,"76":0,"77":0,"78":0,"79":0,"80":0,"81":0,"82":0,"83":0,"84":0,"85":0,"86":0,"87":0,"88":0,"89":0,"90":0,"91":0,"92":0,"93":0,"94":0,"95":0,"96":0,"97":0,"98":0,"99":0,"100":0,"101":0,"102":0,"103":0,"104":0,"105":0,"106":0,"107":0,"108":0,"109":0,"110":0,"111":0,"112":0,"113":0,"114":0,"115":0,"116":0,"117":0,"118":0,"119":0,"120":0,"121":0,"122":0,"123":0,"124":0,"125":0,"126":0,"127":0,"128":0,"129":0,"130":0,"131":0,"132":0,"133":0,"134":0,"135":0,"136":0,"137":0,"138":0,"139":0,"140":0,"141":0,"142":0,"143":0,"144":0,"145":0,"146":0,"147":0,"148":0,"149":0,"150":0,"151":0,"152":0,"153":0,"154":0,"155":0,"156":0,"157":0,"158":0,"159":0,"160":0,"161":0,"162":0,"163":0,"164":0,"165":0,"166":0,"167":0,"168":0,"169":0,"170":0,"171":0,"172":0,"173":0,"174":0,"175":0,"176":0,"177":0,"178":0,"179":0,"180":0,"181":0,"182":0,"183":0,"184":0,"185":0,"186":0,"187":0,"188":0,"189":0,"190":0,"191":0,"192":0,"193":0,"194":0,"195":0,"196":0,"197":0,"198":0,"199":0,"200":0,"201":0,"202":0,"203":0,"204":0},"f":{"0":0,"1":0,"2":0,"3":0,"4":0,"5":0,"6":0,"7":0,"8":0,"9":0,"10":0,"11":0,"12":0,"13":0,"14":0,"15":0,"16":0,"17":0,"18":0,"19":0,"20":0,"21":0,"22":0,"23":0,"24":0,"25":0,"26":0,"27":0,"28":0,"29":0,"30":0,"31":0,"32":0,"33":0,"34":0,"35":0,"36":0,"37":0,"38":0,"39":0,"40":0,"41":0,"42":0,"43":0,"44":0,"45":0,"46":0,"47":0,"48":0},"b":{"0":[0,0],"1":[0,0],"2":[0,0],"3":[0,0],"4":[0,0],"5":[0,0],"6":[0,0],"7":[0,0],"8":[0,0],"9":[0,0],"10":[0,0],"11":[0,0],"12":[0,0],"13":[0,0],"14":[0,0],"15":[0,0],"16":[0,0],"17":[0,0],"18":[0,0],"19":[0,0],"20":[0,0],"21":[0,0],"22":[0,0],"23":[0,0],"24":[0,0]},"_coverageSchema":"1a1c01bbd47fc00a2c39e90264f33305004495a9","hash":"f6158c013017fee1c21408b70c0dadd50b3ec66d"}
,"C:\\Users\\NR75253\\Desktop\\PANEL_MANAGEMENT_FRONTEND\\frontend\\src\\Components\\Panel\\AddPanelAvailibilityPANEL\\multiple\\PANELmultiple.js": {"path":"C:\\Users\\NR75253\\Desktop\\PANEL_MANAGEMENT_FRONTEND\\frontend\\src\\Components\\Panel\\AddPanelAvailibilityPANEL\\multiple\\PANELmultiple.js","statementMap":{"0":{"start":{"line":8,"column":16},"end":{"line":8,"column":39}},"1":{"start":{"line":12,"column":18},"end":{"line":12,"column":42}},"2":{"start":{"line":13,"column":16},"end":{"line":13,"column":40}},"3":{"start":{"line":14,"column":22},"end":{"line":14,"column":32}},"4":{"start":{"line":15,"column":28},"end":{"line":15,"column":38}},"5":{"start":{"line":16,"column":32},"end":{"line":16,"column":42}},"6":{"start":{"line":17,"column":40},"end":{"line":17,"column":52}},"7":{"start":{"line":19,"column":19},"end":{"line":19,"column":32}},"8":{"start":{"line":22,"column":14},"end":{"line":22,"column":24}},"9":{"start":{"line":23,"column":4},"end":{"line":23,"column":116}},"10":{"start":{"line":27,"column":18},"end":{"line":53,"column":3}},"11":{"start":{"line":29,"column":4},"end":{"line":29,"column":31}},"12":{"start":{"line":30,"column":4},"end":{"line":30,"column":26}},"13":{"start":{"line":31,"column":16},"end":{"line":52,"column":8}},"14":{"start":{"line":39,"column":21},"end":{"line":39,"column":31}},"15":{"start":{"line":41,"column":8},"end":{"line":41,"column":25}},"16":{"start":{"line":42,"column":8},"end":{"line":42,"column":27}},"17":{"start":{"line":43,"column":8},"end":{"line":43,"column":33}},"18":{"start":{"line":44,"column":8},"end":{"line":44,"column":28}},"19":{"start":{"line":45,"column":8},"end":{"line":45,"column":31}},"20":{"start":{"line":46,"column":8},"end":{"line":46,"column":33}},"21":{"start":{"line":55,"column":2},"end":{"line":57,"column":9}},"22":{"start":{"line":56,"column":4},"end":{"line":56,"column":52}},"23":{"start":{"line":59,"column":26},"end":{"line":64,"column":4}},"24":{"start":{"line":67,"column":23},"end":{"line":73,"column":3}},"25":{"start":{"line":68,"column":4},"end":{"line":68,"column":25}},"26":{"start":{"line":69,"column":4},"end":{"line":69,"column":27}},"27":{"start":{"line":72,"column":4},"end":{"line":72,"column":40}},"28":{"start":{"line":75,"column":2},"end":{"line":88,"column":39}},"29":{"start":{"line":76,"column":4},"end":{"line":87,"column":5}},"30":{"start":{"line":80,"column":6},"end":{"line":80,"column":74}},"31":{"start":{"line":82,"column":9},"end":{"line":87,"column":5}},"32":{"start":{"line":83,"column":6},"end":{"line":83,"column":67}},"33":{"start":{"line":86,"column":6},"end":{"line":86,"column":25}},"34":{"start":{"line":90,"column":2},"end":{"line":113,"column":19}},"35":{"start":{"line":91,"column":20},"end":{"line":91,"column":43}},"36":{"start":{"line":92,"column":18},"end":{"line":92,"column":39}},"37":{"start":{"line":93,"column":22},"end":{"line":93,"column":24}},"38":{"start":{"line":95,"column":4},"end":{"line":99,"column":5}},"39":{"start":{"line":96,"column":17},"end":{"line":96,"column":41}},"40":{"start":{"line":97,"column":6},"end":{"line":97,"column":42}},"41":{"start":{"line":98,"column":6},"end":{"line":98,"column":18}},"42":{"start":{"line":101,"column":4},"end":{"line":103,"column":5}},"43":{"start":{"line":101,"column":23},"end":{"line":101,"column":32}},"44":{"start":{"line":102,"column":6},"end":{"line":102,"column":41}},"45":{"start":{"line":105,"column":33},"end":{"line":107,"column":6}},"46":{"start":{"line":106,"column":6},"end":{"line":106,"column":55}},"47":{"start":{"line":109,"column":4},"end":{"line":109,"column":36}},"48":{"start":{"line":110,"column":4},"end":{"line":110,"column":28}},"49":{"start":{"line":117,"column":19},"end":{"line":203,"column":3}},"50":{"start":{"line":118,"column":4},"end":{"line":118,"column":23}},"51":{"start":{"line":119,"column":4},"end":{"line":202,"column":5}},"52":{"start":{"line":120,"column":18},"end":{"line":120,"column":67}},"53":{"start":{"line":121,"column":25},"end":{"line":123,"column":8}},"54":{"start":{"line":122,"column":8},"end":{"line":122,"column":39}},"55":{"start":{"line":124,"column":18},"end":{"line":126,"column":8}},"56":{"start":{"line":125,"column":8},"end":{"line":125,"column":28}},"57":{"start":{"line":128,"column":19},"end":{"line":130,"column":8}},"58":{"start":{"line":129,"column":8},"end":{"line":129,"column":31}},"59":{"start":{"line":131,"column":57},"end":{"line":131,"column":61}},"60":{"start":{"line":132,"column":22},"end":{"line":132,"column":40}},"61":{"start":{"line":133,"column":20},"end":{"line":133,"column":36}},"62":{"start":{"line":134,"column":24},"end":{"line":134,"column":26}},"63":{"start":{"line":136,"column":6},"end":{"line":140,"column":7}},"64":{"start":{"line":137,"column":19},"end":{"line":137,"column":43}},"65":{"start":{"line":138,"column":8},"end":{"line":138,"column":44}},"66":{"start":{"line":139,"column":8},"end":{"line":139,"column":20}},"67":{"start":{"line":142,"column":6},"end":{"line":144,"column":7}},"68":{"start":{"line":142,"column":25},"end":{"line":142,"column":34}},"69":{"start":{"line":143,"column":8},"end":{"line":143,"column":34}},"70":{"start":{"line":146,"column":28},"end":{"line":152,"column":8}},"71":{"start":{"line":147,"column":8},"end":{"line":151,"column":9}},"72":{"start":{"line":148,"column":10},"end":{"line":150,"column":11}},"73":{"start":{"line":149,"column":12},"end":{"line":149,"column":23}},"74":{"start":{"line":155,"column":24},"end":{"line":155,"column":26}},"75":{"start":{"line":156,"column":6},"end":{"line":170,"column":7}},"76":{"start":{"line":157,"column":8},"end":{"line":169,"column":9}},"77":{"start":{"line":157,"column":21},"end":{"line":157,"column":45}},"78":{"start":{"line":158,"column":28},"end":{"line":158,"column":53}},"79":{"start":{"line":159,"column":10},"end":{"line":168,"column":13}},"80":{"start":{"line":177,"column":18},"end":{"line":184,"column":8}},"81":{"start":{"line":185,"column":21},"end":{"line":185,"column":37}},"82":{"start":{"line":187,"column":6},"end":{"line":197,"column":7}},"83":{"start":{"line":189,"column":8},"end":{"line":189,"column":64}},"84":{"start":{"line":190,"column":8},"end":{"line":190,"column":44}},"85":{"start":{"line":194,"column":8},"end":{"line":194,"column":83}},"86":{"start":{"line":195,"column":8},"end":{"line":195,"column":38}},"87":{"start":{"line":200,"column":6},"end":{"line":200,"column":69}},"88":{"start":{"line":205,"column":34},"end":{"line":205,"column":46}},"89":{"start":{"line":207,"column":2},"end":{"line":221,"column":9}},"90":{"start":{"line":208,"column":4},"end":{"line":220,"column":9}},"91":{"start":{"line":213,"column":19},"end":{"line":213,"column":29}},"92":{"start":{"line":214,"column":6},"end":{"line":214,"column":31}},"93":{"start":{"line":215,"column":6},"end":{"line":215,"column":31}},"94":{"start":{"line":219,"column":8},"end":{"line":219,"column":19}},"95":{"start":{"line":226,"column":4},"end":{"line":226,"column":22}},"96":{"start":{"line":228,"column":4},"end":{"line":228,"column":23}},"97":{"start":{"line":234,"column":2},"end":{"line":234,"column":24}},"98":{"start":{"line":239,"column":42},"end":{"line":239,"column":76}},"99":{"start":{"line":240,"column":37},"end":{"line":240,"column":70}},"100":{"start":{"line":242,"column":29},"end":{"line":249,"column":3}},"101":{"start":{"line":243,"column":32},"end":{"line":245,"column":5}},"102":{"start":{"line":244,"column":6},"end":{"line":244,"column":32}},"103":{"start":{"line":247,"column":4},"end":{"line":247,"column":41}},"104":{"start":{"line":251,"column":16},"end":{"line":288,"column":3}},"105":{"start":{"line":290,"column":19},"end":{"line":290,"column":73}},"106":{"start":{"line":292,"column":2},"end":{"line":503,"column":4}},"107":{"start":{"line":313,"column":124},"end":{"line":313,"column":145}},"108":{"start":{"line":317,"column":26},"end":{"line":321,"column":28}},"109":{"start":{"line":418,"column":20},"end":{"line":433,"column":22}},"110":{"start":{"line":428,"column":44},"end":{"line":428,"column":69}},"111":{"start":{"line":490,"column":57},"end":{"line":490,"column":86}}},"fnMap":{"0":{"name":"PANELmultiple","decl":{"start":{"line":10,"column":9},"end":{"line":10,"column":22}},"loc":{"start":{"line":10,"column":25},"end":{"line":504,"column":1}},"line":10},"1":{"name":"getDate","decl":{"start":{"line":21,"column":11},"end":{"line":21,"column":18}},"loc":{"start":{"line":21,"column":21},"end":{"line":24,"column":3}},"line":21},"2":{"name":"(anonymous_2)","decl":{"start":{"line":27,"column":18},"end":{"line":27,"column":19}},"loc":{"start":{"line":27,"column":44},"end":{"line":53,"column":3}},"line":27},"3":{"name":"(anonymous_3)","decl":{"start":{"line":39,"column":12},"end":{"line":39,"column":13}},"loc":{"start":{"line":39,"column":21},"end":{"line":39,"column":31}},"line":39},"4":{"name":"(anonymous_4)","decl":{"start":{"line":40,"column":12},"end":{"line":40,"column":13}},"loc":{"start":{"line":40,"column":22},"end":{"line":52,"column":7}},"line":40},"5":{"name":"(anonymous_5)","decl":{"start":{"line":55,"column":12},"end":{"line":55,"column":13}},"loc":{"start":{"line":55,"column":18},"end":{"line":57,"column":3}},"line":55},"6":{"name":"(anonymous_6)","decl":{"start":{"line":67,"column":23},"end":{"line":67,"column":24}},"loc":{"start":{"line":67,"column":30},"end":{"line":73,"column":3}},"line":67},"7":{"name":"(anonymous_7)","decl":{"start":{"line":75,"column":12},"end":{"line":75,"column":13}},"loc":{"start":{"line":75,"column":18},"end":{"line":88,"column":3}},"line":75},"8":{"name":"(anonymous_8)","decl":{"start":{"line":90,"column":12},"end":{"line":90,"column":13}},"loc":{"start":{"line":90,"column":18},"end":{"line":113,"column":3}},"line":90},"9":{"name":"(anonymous_9)","decl":{"start":{"line":95,"column":29},"end":{"line":95,"column":30}},"loc":{"start":{"line":95,"column":45},"end":{"line":99,"column":5}},"line":95},"10":{"name":"(anonymous_10)","decl":{"start":{"line":105,"column":50},"end":{"line":105,"column":51}},"loc":{"start":{"line":105,"column":67},"end":{"line":107,"column":5}},"line":105},"11":{"name":"(anonymous_11)","decl":{"start":{"line":117,"column":19},"end":{"line":117,"column":20}},"loc":{"start":{"line":117,"column":32},"end":{"line":203,"column":3}},"line":117},"12":{"name":"(anonymous_12)","decl":{"start":{"line":121,"column":38},"end":{"line":121,"column":39}},"loc":{"start":{"line":121,"column":48},"end":{"line":123,"column":7}},"line":121},"13":{"name":"(anonymous_13)","decl":{"start":{"line":124,"column":33},"end":{"line":124,"column":34}},"loc":{"start":{"line":124,"column":49},"end":{"line":126,"column":7}},"line":124},"14":{"name":"(anonymous_14)","decl":{"start":{"line":128,"column":27},"end":{"line":128,"column":28}},"loc":{"start":{"line":128,"column":36},"end":{"line":130,"column":7}},"line":128},"15":{"name":"(anonymous_15)","decl":{"start":{"line":136,"column":31},"end":{"line":136,"column":32}},"loc":{"start":{"line":136,"column":47},"end":{"line":140,"column":7}},"line":136},"16":{"name":"(anonymous_16)","decl":{"start":{"line":146,"column":47},"end":{"line":146,"column":48}},"loc":{"start":{"line":146,"column":62},"end":{"line":152,"column":7}},"line":146},"17":{"name":"(anonymous_17)","decl":{"start":{"line":207,"column":12},"end":{"line":207,"column":13}},"loc":{"start":{"line":207,"column":18},"end":{"line":221,"column":3}},"line":207},"18":{"name":"(anonymous_18)","decl":{"start":{"line":213,"column":12},"end":{"line":213,"column":13}},"loc":{"start":{"line":213,"column":19},"end":{"line":213,"column":29}},"line":213},"19":{"name":"(anonymous_19)","decl":{"start":{"line":213,"column":36},"end":{"line":213,"column":37}},"loc":{"start":{"line":213,"column":48},"end":{"line":217,"column":5}},"line":213},"20":{"name":"(anonymous_20)","decl":{"start":{"line":218,"column":13},"end":{"line":218,"column":14}},"loc":{"start":{"line":218,"column":22},"end":{"line":220,"column":7}},"line":218},"21":{"name":"fillValues","decl":{"start":{"line":225,"column":11},"end":{"line":225,"column":21}},"loc":{"start":{"line":225,"column":28},"end":{"line":232,"column":3}},"line":225},"22":{"name":"(anonymous_22)","decl":{"start":{"line":242,"column":29},"end":{"line":242,"column":30}},"loc":{"start":{"line":242,"column":36},"end":{"line":249,"column":3}},"line":242},"23":{"name":"(anonymous_23)","decl":{"start":{"line":243,"column":49},"end":{"line":243,"column":50}},"loc":{"start":{"line":244,"column":6},"end":{"line":244,"column":32}},"line":244},"24":{"name":"(anonymous_24)","decl":{"start":{"line":313,"column":115},"end":{"line":313,"column":116}},"loc":{"start":{"line":313,"column":122},"end":{"line":313,"column":147}},"line":313},"25":{"name":"(anonymous_25)","decl":{"start":{"line":316,"column":37},"end":{"line":316,"column":38}},"loc":{"start":{"line":316,"column":54},"end":{"line":322,"column":25}},"line":316},"26":{"name":"(anonymous_26)","decl":{"start":{"line":417,"column":29},"end":{"line":417,"column":30}},"loc":{"start":{"line":417,"column":50},"end":{"line":434,"column":19}},"line":417},"27":{"name":"(anonymous_27)","decl":{"start":{"line":428,"column":38},"end":{"line":428,"column":39}},"loc":{"start":{"line":428,"column":44},"end":{"line":428,"column":69}},"line":428},"28":{"name":"(anonymous_28)","decl":{"start":{"line":490,"column":49},"end":{"line":490,"column":50}},"loc":{"start":{"line":490,"column":55},"end":{"line":490,"column":88}},"line":490}},"branchMap":{"0":{"loc":{"start":{"line":76,"column":4},"end":{"line":87,"column":5}},"type":"if","locations":[{"start":{"line":76,"column":4},"end":{"line":87,"column":5}},{"start":{"line":82,"column":9},"end":{"line":87,"column":5}}],"line":76},"1":{"loc":{"start":{"line":77,"column":6},"end":{"line":78,"column":26}},"type":"binary-expr","locations":[{"start":{"line":77,"column":6},"end":{"line":77,"column":67}},{"start":{"line":78,"column":6},"end":{"line":78,"column":26}}],"line":77},"2":{"loc":{"start":{"line":82,"column":9},"end":{"line":87,"column":5}},"type":"if","locations":[{"start":{"line":82,"column":9},"end":{"line":87,"column":5}},{"start":{"line":85,"column":9},"end":{"line":87,"column":5}}],"line":82},"3":{"loc":{"start":{"line":82,"column":13},"end":{"line":82,"column":69}},"type":"binary-expr","locations":[{"start":{"line":82,"column":13},"end":{"line":82,"column":45}},{"start":{"line":82,"column":49},"end":{"line":82,"column":69}}],"line":82},"4":{"loc":{"start":{"line":106,"column":13},"end":{"line":106,"column":55}},"type":"cond-expr","locations":[{"start":{"line":106,"column":43},"end":{"line":106,"column":48}},{"start":{"line":106,"column":51},"end":{"line":106,"column":55}}],"line":106},"5":{"loc":{"start":{"line":119,"column":4},"end":{"line":202,"column":5}},"type":"if","locations":[{"start":{"line":119,"column":4},"end":{"line":202,"column":5}},{"start":{"line":198,"column":11},"end":{"line":202,"column":5}}],"line":119},"6":{"loc":{"start":{"line":119,"column":8},"end":{"line":119,"column":94}},"type":"binary-expr","locations":[{"start":{"line":119,"column":8},"end":{"line":119,"column":20}},{"start":{"line":119,"column":24},"end":{"line":119,"column":37}},{"start":{"line":119,"column":41},"end":{"line":119,"column":56}},{"start":{"line":119,"column":60},"end":{"line":119,"column":73}},{"start":{"line":119,"column":77},"end":{"line":119,"column":88}},{"start":{"line":119,"column":92},"end":{"line":119,"column":94}}],"line":119},"7":{"loc":{"start":{"line":148,"column":10},"end":{"line":150,"column":11}},"type":"if","locations":[{"start":{"line":148,"column":10},"end":{"line":150,"column":11}},{"start":{},"end":{}}],"line":148},"8":{"loc":{"start":{"line":187,"column":6},"end":{"line":197,"column":7}},"type":"if","locations":[{"start":{"line":187,"column":6},"end":{"line":197,"column":7}},{"start":{"line":192,"column":11},"end":{"line":197,"column":7}}],"line":187},"9":{"loc":{"start":{"line":187,"column":10},"end":{"line":187,"column":42}},"type":"binary-expr","locations":[{"start":{"line":187,"column":10},"end":{"line":187,"column":31}},{"start":{"line":187,"column":35},"end":{"line":187,"column":42}}],"line":187},"10":{"loc":{"start":{"line":244,"column":6},"end":{"line":244,"column":32}},"type":"cond-expr","locations":[{"start":{"line":244,"column":20},"end":{"line":244,"column":25}},{"start":{"line":244,"column":28},"end":{"line":244,"column":32}}],"line":244},"11":{"loc":{"start":{"line":430,"column":44},"end":{"line":430,"column":145}},"type":"cond-expr","locations":[{"start":{"line":430,"column":66},"end":{"line":430,"column":100}},{"start":{"line":430,"column":103},"end":{"line":430,"column":145}}],"line":430}},"s":{"0":1,"1":0,"2":0,"3":0,"4":0,"5":0,"6":0,"7":0,"8":0,"9":0,"10":0,"11":0,"12":0,"13":0,"14":0,"15":0,"16":0,"17":0,"18":0,"19":0,"20":0,"21":0,"22":0,"23":0,"24":0,"25":0,"26":0,"27":0,"28":0,"29":0,"30":0,"31":0,"32":0,"33":0,"34":0,"35":0,"36":0,"37":0,"38":0,"39":0,"40":0,"41":0,"42":0,"43":0,"44":0,"45":0,"46":0,"47":0,"48":0,"49":0,"50":0,"51":0,"52":0,"53":0,"54":0,"55":0,"56":0,"57":0,"58":0,"59":0,"60":0,"61":0,"62":0,"63":0,"64":0,"65":0,"66":0,"67":0,"68":0,"69":0,"70":0,"71":0,"72":0,"73":0,"74":0,"75":0,"76":0,"77":0,"78":0,"79":0,"80":0,"81":0,"82":0,"83":0,"84":0,"85":0,"86":0,"87":0,"88":0,"89":0,"90":0,"91":0,"92":0,"93":0,"94":0,"95":0,"96":0,"97":0,"98":0,"99":0,"100":0,"101":0,"102":0,"103":0,"104":0,"105":0,"106":0,"107":0,"108":0,"109":0,"110":0,"111":0},"f":{"0":0,"1":0,"2":0,"3":0,"4":0,"5":0,"6":0,"7":0,"8":0,"9":0,"10":0,"11":0,"12":0,"13":0,"14":0,"15":0,"16":0,"17":0,"18":0,"19":0,"20":0,"21":0,"22":0,"23":0,"24":0,"25":0,"26":0,"27":0,"28":0},"b":{"0":[0,0],"1":[0,0],"2":[0,0],"3":[0,0],"4":[0,0],"5":[0,0],"6":[0,0,0,0,0,0],"7":[0,0],"8":[0,0],"9":[0,0],"10":[0,0],"11":[0,0]},"_coverageSchema":"1a1c01bbd47fc00a2c39e90264f33305004495a9","hash":"a0dc598b0316a9467754d8146d1a72329187a56f"}
,"C:\\Users\\NR75253\\Desktop\\PANEL_MANAGEMENT_FRONTEND\\frontend\\src\\Components\\Panel\\AddPanelAvailibilityPANEL\\single\\PANELsingle.js": {"path":"C:\\Users\\NR75253\\Desktop\\PANEL_MANAGEMENT_FRONTEND\\frontend\\src\\Components\\Panel\\AddPanelAvailibilityPANEL\\single\\PANELsingle.js","statementMap":{"0":{"start":{"line":11,"column":16},"end":{"line":11,"column":39}},"1":{"start":{"line":14,"column":16},"end":{"line":14,"column":40}},"2":{"start":{"line":15,"column":18},"end":{"line":15,"column":42}},"3":{"start":{"line":16,"column":19},"end":{"line":16,"column":32}},"4":{"start":{"line":17,"column":22},"end":{"line":17,"column":32}},"5":{"start":{"line":18,"column":28},"end":{"line":18,"column":38}},"6":{"start":{"line":19,"column":32},"end":{"line":19,"column":42}},"7":{"start":{"line":20,"column":40},"end":{"line":20,"column":52}},"8":{"start":{"line":22,"column":19},"end":{"line":22,"column":73}},"9":{"start":{"line":26,"column":14},"end":{"line":26,"column":24}},"10":{"start":{"line":27,"column":4},"end":{"line":33,"column":6}},"11":{"start":{"line":36,"column":26},"end":{"line":40,"column":4}},"12":{"start":{"line":43,"column":23},"end":{"line":48,"column":3}},"13":{"start":{"line":44,"column":4},"end":{"line":44,"column":25}},"14":{"start":{"line":45,"column":4},"end":{"line":45,"column":27}},"15":{"start":{"line":47,"column":4},"end":{"line":47,"column":40}},"16":{"start":{"line":50,"column":2},"end":{"line":61,"column":39}},"17":{"start":{"line":51,"column":4},"end":{"line":60,"column":5}},"18":{"start":{"line":55,"column":6},"end":{"line":55,"column":74}},"19":{"start":{"line":56,"column":11},"end":{"line":60,"column":5}},"20":{"start":{"line":57,"column":6},"end":{"line":57,"column":67}},"21":{"start":{"line":59,"column":6},"end":{"line":59,"column":25}},"22":{"start":{"line":63,"column":18},"end":{"line":78,"column":3}},"23":{"start":{"line":64,"column":16},"end":{"line":77,"column":8}},"24":{"start":{"line":71,"column":21},"end":{"line":71,"column":31}},"25":{"start":{"line":73,"column":8},"end":{"line":73,"column":28}},"26":{"start":{"line":74,"column":8},"end":{"line":74,"column":29}},"27":{"start":{"line":76,"column":8},"end":{"line":76,"column":34}},"28":{"start":{"line":79,"column":19},"end":{"line":125,"column":3}},"29":{"start":{"line":80,"column":4},"end":{"line":80,"column":23}},"30":{"start":{"line":81,"column":4},"end":{"line":124,"column":5}},"31":{"start":{"line":83,"column":62},"end":{"line":83,"column":66}},"32":{"start":{"line":84,"column":6},"end":{"line":84,"column":30}},"33":{"start":{"line":85,"column":24},"end":{"line":85,"column":26}},"34":{"start":{"line":86,"column":22},"end":{"line":86,"column":71}},"35":{"start":{"line":87,"column":17},"end":{"line":87,"column":46}},"36":{"start":{"line":90,"column":6},"end":{"line":103,"column":7}},"37":{"start":{"line":90,"column":19},"end":{"line":90,"column":43}},"38":{"start":{"line":91,"column":25},"end":{"line":91,"column":27}},"39":{"start":{"line":92,"column":8},"end":{"line":102,"column":11}},"40":{"start":{"line":105,"column":18},"end":{"line":111,"column":8}},"41":{"start":{"line":112,"column":21},"end":{"line":112,"column":37}},"42":{"start":{"line":113,"column":6},"end":{"line":120,"column":7}},"43":{"start":{"line":115,"column":8},"end":{"line":115,"column":64}},"44":{"start":{"line":118,"column":8},"end":{"line":118,"column":81}},"45":{"start":{"line":119,"column":8},"end":{"line":119,"column":38}},"46":{"start":{"line":123,"column":6},"end":{"line":123,"column":66}},"47":{"start":{"line":127,"column":34},"end":{"line":127,"column":46}},"48":{"start":{"line":128,"column":2},"end":{"line":161,"column":9}},"49":{"start":{"line":129,"column":4},"end":{"line":160,"column":5}},"50":{"start":{"line":130,"column":6},"end":{"line":130,"column":47}},"51":{"start":{"line":131,"column":6},"end":{"line":144,"column":9}},"52":{"start":{"line":138,"column":19},"end":{"line":138,"column":29}},"53":{"start":{"line":140,"column":8},"end":{"line":140,"column":29}},"54":{"start":{"line":141,"column":8},"end":{"line":141,"column":34}},"55":{"start":{"line":142,"column":8},"end":{"line":142,"column":28}},"56":{"start":{"line":143,"column":8},"end":{"line":143,"column":26}},"57":{"start":{"line":147,"column":6},"end":{"line":159,"column":11}},"58":{"start":{"line":153,"column":23},"end":{"line":153,"column":33}},"59":{"start":{"line":155,"column":10},"end":{"line":155,"column":35}},"60":{"start":{"line":158,"column":10},"end":{"line":158,"column":21}},"61":{"start":{"line":164,"column":4},"end":{"line":164,"column":24}},"62":{"start":{"line":167,"column":2},"end":{"line":373,"column":4}},"63":{"start":{"line":195,"column":20},"end":{"line":195,"column":41}},"64":{"start":{"line":202,"column":20},"end":{"line":206,"column":22}},"65":{"start":{"line":360,"column":33},"end":{"line":360,"column":52}},"66":{"start":{"line":360,"column":53},"end":{"line":360,"column":83}}},"fnMap":{"0":{"name":"PHsingle","decl":{"start":{"line":13,"column":9},"end":{"line":13,"column":17}},"loc":{"start":{"line":13,"column":20},"end":{"line":374,"column":1}},"line":13},"1":{"name":"getDate","decl":{"start":{"line":25,"column":11},"end":{"line":25,"column":18}},"loc":{"start":{"line":25,"column":21},"end":{"line":34,"column":3}},"line":25},"2":{"name":"(anonymous_2)","decl":{"start":{"line":43,"column":23},"end":{"line":43,"column":24}},"loc":{"start":{"line":43,"column":30},"end":{"line":48,"column":3}},"line":43},"3":{"name":"(anonymous_3)","decl":{"start":{"line":50,"column":12},"end":{"line":50,"column":13}},"loc":{"start":{"line":50,"column":18},"end":{"line":61,"column":3}},"line":50},"4":{"name":"(anonymous_4)","decl":{"start":{"line":63,"column":18},"end":{"line":63,"column":19}},"loc":{"start":{"line":63,"column":44},"end":{"line":78,"column":3}},"line":63},"5":{"name":"(anonymous_5)","decl":{"start":{"line":71,"column":12},"end":{"line":71,"column":13}},"loc":{"start":{"line":71,"column":21},"end":{"line":71,"column":31}},"line":71},"6":{"name":"(anonymous_6)","decl":{"start":{"line":72,"column":12},"end":{"line":72,"column":13}},"loc":{"start":{"line":72,"column":22},"end":{"line":77,"column":7}},"line":72},"7":{"name":"(anonymous_7)","decl":{"start":{"line":79,"column":19},"end":{"line":79,"column":20}},"loc":{"start":{"line":79,"column":32},"end":{"line":125,"column":3}},"line":79},"8":{"name":"(anonymous_8)","decl":{"start":{"line":128,"column":12},"end":{"line":128,"column":13}},"loc":{"start":{"line":128,"column":18},"end":{"line":161,"column":3}},"line":128},"9":{"name":"(anonymous_9)","decl":{"start":{"line":138,"column":12},"end":{"line":138,"column":13}},"loc":{"start":{"line":138,"column":19},"end":{"line":138,"column":29}},"line":138},"10":{"name":"(anonymous_10)","decl":{"start":{"line":139,"column":12},"end":{"line":139,"column":13}},"loc":{"start":{"line":139,"column":20},"end":{"line":144,"column":7}},"line":139},"11":{"name":"(anonymous_11)","decl":{"start":{"line":153,"column":14},"end":{"line":153,"column":15}},"loc":{"start":{"line":153,"column":23},"end":{"line":153,"column":33}},"line":153},"12":{"name":"(anonymous_12)","decl":{"start":{"line":154,"column":14},"end":{"line":154,"column":15}},"loc":{"start":{"line":154,"column":26},"end":{"line":156,"column":9}},"line":154},"13":{"name":"(anonymous_13)","decl":{"start":{"line":157,"column":15},"end":{"line":157,"column":16}},"loc":{"start":{"line":157,"column":24},"end":{"line":159,"column":9}},"line":157},"14":{"name":"fillValues","decl":{"start":{"line":163,"column":11},"end":{"line":163,"column":21}},"loc":{"start":{"line":163,"column":28},"end":{"line":165,"column":3}},"line":163},"15":{"name":"(anonymous_15)","decl":{"start":{"line":194,"column":28},"end":{"line":194,"column":29}},"loc":{"start":{"line":194,"column":35},"end":{"line":196,"column":19}},"line":194},"16":{"name":"(anonymous_16)","decl":{"start":{"line":201,"column":32},"end":{"line":201,"column":33}},"loc":{"start":{"line":201,"column":49},"end":{"line":207,"column":19}},"line":201},"17":{"name":"(anonymous_17)","decl":{"start":{"line":360,"column":27},"end":{"line":360,"column":28}},"loc":{"start":{"line":360,"column":32},"end":{"line":360,"column":84}},"line":360}},"branchMap":{"0":{"loc":{"start":{"line":51,"column":4},"end":{"line":60,"column":5}},"type":"if","locations":[{"start":{"line":51,"column":4},"end":{"line":60,"column":5}},{"start":{"line":56,"column":11},"end":{"line":60,"column":5}}],"line":51},"1":{"loc":{"start":{"line":52,"column":6},"end":{"line":53,"column":26}},"type":"binary-expr","locations":[{"start":{"line":52,"column":6},"end":{"line":52,"column":67}},{"start":{"line":53,"column":6},"end":{"line":53,"column":26}}],"line":52},"2":{"loc":{"start":{"line":56,"column":11},"end":{"line":60,"column":5}},"type":"if","locations":[{"start":{"line":56,"column":11},"end":{"line":60,"column":5}},{"start":{"line":58,"column":11},"end":{"line":60,"column":5}}],"line":56},"3":{"loc":{"start":{"line":56,"column":15},"end":{"line":56,"column":71}},"type":"binary-expr","locations":[{"start":{"line":56,"column":15},"end":{"line":56,"column":47}},{"start":{"line":56,"column":51},"end":{"line":56,"column":71}}],"line":56},"4":{"loc":{"start":{"line":81,"column":4},"end":{"line":124,"column":5}},"type":"if","locations":[{"start":{"line":81,"column":4},"end":{"line":124,"column":5}},{"start":{"line":122,"column":8},"end":{"line":124,"column":5}}],"line":81},"5":{"loc":{"start":{"line":81,"column":7},"end":{"line":81,"column":80}},"type":"binary-expr","locations":[{"start":{"line":81,"column":7},"end":{"line":81,"column":19}},{"start":{"line":81,"column":23},"end":{"line":81,"column":36}},{"start":{"line":81,"column":40},"end":{"line":81,"column":55}},{"start":{"line":81,"column":59},"end":{"line":81,"column":74}},{"start":{"line":81,"column":78},"end":{"line":81,"column":80}}],"line":81},"6":{"loc":{"start":{"line":113,"column":6},"end":{"line":120,"column":7}},"type":"if","locations":[{"start":{"line":113,"column":6},"end":{"line":120,"column":7}},{"start":{"line":116,"column":13},"end":{"line":120,"column":7}}],"line":113},"7":{"loc":{"start":{"line":113,"column":10},"end":{"line":113,"column":41}},"type":"binary-expr","locations":[{"start":{"line":113,"column":10},"end":{"line":113,"column":30}},{"start":{"line":113,"column":34},"end":{"line":113,"column":41}}],"line":113},"8":{"loc":{"start":{"line":129,"column":4},"end":{"line":160,"column":5}},"type":"if","locations":[{"start":{"line":129,"column":4},"end":{"line":160,"column":5}},{"start":{"line":146,"column":8},"end":{"line":160,"column":5}}],"line":129},"9":{"loc":{"start":{"line":189,"column":17},"end":{"line":208,"column":25}},"type":"cond-expr","locations":[{"start":{"line":190,"column":18},"end":{"line":190,"column":111}},{"start":{"line":191,"column":20},"end":{"line":208,"column":25}}],"line":189},"10":{"loc":{"start":{"line":210,"column":17},"end":{"line":216,"column":22}},"type":"cond-expr","locations":[{"start":{"line":210,"column":45},"end":{"line":210,"column":47}},{"start":{"line":210,"column":49},"end":{"line":216,"column":22}}],"line":210}},"s":{"0":1,"1":0,"2":0,"3":0,"4":0,"5":0,"6":0,"7":0,"8":0,"9":0,"10":0,"11":0,"12":0,"13":0,"14":0,"15":0,"16":0,"17":0,"18":0,"19":0,"20":0,"21":0,"22":0,"23":0,"24":0,"25":0,"26":0,"27":0,"28":0,"29":0,"30":0,"31":0,"32":0,"33":0,"34":0,"35":0,"36":0,"37":0,"38":0,"39":0,"40":0,"41":0,"42":0,"43":0,"44":0,"45":0,"46":0,"47":0,"48":0,"49":0,"50":0,"51":0,"52":0,"53":0,"54":0,"55":0,"56":0,"57":0,"58":0,"59":0,"60":0,"61":0,"62":0,"63":0,"64":0,"65":0,"66":0},"f":{"0":0,"1":0,"2":0,"3":0,"4":0,"5":0,"6":0,"7":0,"8":0,"9":0,"10":0,"11":0,"12":0,"13":0,"14":0,"15":0,"16":0,"17":0},"b":{"0":[0,0],"1":[0,0],"2":[0,0],"3":[0,0],"4":[0,0],"5":[0,0,0,0,0],"6":[0,0],"7":[0,0],"8":[0,0],"9":[0,0],"10":[0,0]},"_coverageSchema":"1a1c01bbd47fc00a2c39e90264f33305004495a9","hash":"7ce0f1a1032da0888bda9ff10d48cb848cc26676"}
,"C:\\Users\\NR75253\\Desktop\\PANEL_MANAGEMENT_FRONTEND\\frontend\\src\\Components\\Panel\\AddPanelAvailibilityPH\\multiple\\PHmultiple.js": {"path":"C:\\Users\\NR75253\\Desktop\\PANEL_MANAGEMENT_FRONTEND\\frontend\\src\\Components\\Panel\\AddPanelAvailibilityPH\\multiple\\PHmultiple.js","statementMap":{"0":{"start":{"line":8,"column":16},"end":{"line":8,"column":39}},"1":{"start":{"line":12,"column":18},"end":{"line":12,"column":42}},"2":{"start":{"line":13,"column":16},"end":{"line":13,"column":40}},"3":{"start":{"line":14,"column":22},"end":{"line":14,"column":32}},"4":{"start":{"line":15,"column":28},"end":{"line":15,"column":38}},"5":{"start":{"line":16,"column":32},"end":{"line":16,"column":42}},"6":{"start":{"line":17,"column":40},"end":{"line":17,"column":52}},"7":{"start":{"line":18,"column":19},"end":{"line":18,"column":32}},"8":{"start":{"line":21,"column":14},"end":{"line":21,"column":24}},"9":{"start":{"line":22,"column":4},"end":{"line":22,"column":116}},"10":{"start":{"line":26,"column":18},"end":{"line":52,"column":3}},"11":{"start":{"line":28,"column":4},"end":{"line":28,"column":31}},"12":{"start":{"line":29,"column":4},"end":{"line":29,"column":26}},"13":{"start":{"line":30,"column":16},"end":{"line":51,"column":8}},"14":{"start":{"line":38,"column":21},"end":{"line":38,"column":31}},"15":{"start":{"line":40,"column":8},"end":{"line":40,"column":25}},"16":{"start":{"line":41,"column":8},"end":{"line":41,"column":27}},"17":{"start":{"line":42,"column":8},"end":{"line":42,"column":33}},"18":{"start":{"line":43,"column":8},"end":{"line":43,"column":28}},"19":{"start":{"line":44,"column":8},"end":{"line":44,"column":31}},"20":{"start":{"line":45,"column":8},"end":{"line":45,"column":33}},"21":{"start":{"line":55,"column":26},"end":{"line":60,"column":4}},"22":{"start":{"line":63,"column":23},"end":{"line":69,"column":3}},"23":{"start":{"line":64,"column":4},"end":{"line":64,"column":25}},"24":{"start":{"line":65,"column":4},"end":{"line":65,"column":27}},"25":{"start":{"line":68,"column":4},"end":{"line":68,"column":40}},"26":{"start":{"line":71,"column":2},"end":{"line":84,"column":39}},"27":{"start":{"line":72,"column":4},"end":{"line":83,"column":5}},"28":{"start":{"line":76,"column":6},"end":{"line":76,"column":74}},"29":{"start":{"line":78,"column":9},"end":{"line":83,"column":5}},"30":{"start":{"line":79,"column":6},"end":{"line":79,"column":67}},"31":{"start":{"line":82,"column":6},"end":{"line":82,"column":25}},"32":{"start":{"line":86,"column":2},"end":{"line":109,"column":19}},"33":{"start":{"line":87,"column":20},"end":{"line":87,"column":43}},"34":{"start":{"line":88,"column":18},"end":{"line":88,"column":39}},"35":{"start":{"line":89,"column":22},"end":{"line":89,"column":24}},"36":{"start":{"line":91,"column":4},"end":{"line":95,"column":5}},"37":{"start":{"line":92,"column":17},"end":{"line":92,"column":41}},"38":{"start":{"line":93,"column":6},"end":{"line":93,"column":42}},"39":{"start":{"line":94,"column":6},"end":{"line":94,"column":18}},"40":{"start":{"line":97,"column":4},"end":{"line":99,"column":5}},"41":{"start":{"line":97,"column":23},"end":{"line":97,"column":32}},"42":{"start":{"line":98,"column":6},"end":{"line":98,"column":41}},"43":{"start":{"line":101,"column":33},"end":{"line":103,"column":6}},"44":{"start":{"line":102,"column":6},"end":{"line":102,"column":55}},"45":{"start":{"line":105,"column":4},"end":{"line":105,"column":36}},"46":{"start":{"line":106,"column":4},"end":{"line":106,"column":28}},"47":{"start":{"line":113,"column":19},"end":{"line":196,"column":3}},"48":{"start":{"line":114,"column":4},"end":{"line":114,"column":23}},"49":{"start":{"line":115,"column":4},"end":{"line":195,"column":5}},"50":{"start":{"line":116,"column":18},"end":{"line":116,"column":67}},"51":{"start":{"line":117,"column":25},"end":{"line":119,"column":8}},"52":{"start":{"line":118,"column":8},"end":{"line":118,"column":39}},"53":{"start":{"line":120,"column":18},"end":{"line":122,"column":8}},"54":{"start":{"line":121,"column":8},"end":{"line":121,"column":28}},"55":{"start":{"line":124,"column":19},"end":{"line":126,"column":8}},"56":{"start":{"line":125,"column":8},"end":{"line":125,"column":31}},"57":{"start":{"line":127,"column":57},"end":{"line":127,"column":61}},"58":{"start":{"line":128,"column":22},"end":{"line":128,"column":40}},"59":{"start":{"line":129,"column":20},"end":{"line":129,"column":36}},"60":{"start":{"line":130,"column":24},"end":{"line":130,"column":26}},"61":{"start":{"line":132,"column":6},"end":{"line":136,"column":7}},"62":{"start":{"line":133,"column":19},"end":{"line":133,"column":43}},"63":{"start":{"line":134,"column":8},"end":{"line":134,"column":44}},"64":{"start":{"line":135,"column":8},"end":{"line":135,"column":20}},"65":{"start":{"line":138,"column":6},"end":{"line":140,"column":7}},"66":{"start":{"line":138,"column":25},"end":{"line":138,"column":34}},"67":{"start":{"line":139,"column":8},"end":{"line":139,"column":34}},"68":{"start":{"line":142,"column":28},"end":{"line":148,"column":8}},"69":{"start":{"line":143,"column":8},"end":{"line":147,"column":9}},"70":{"start":{"line":144,"column":10},"end":{"line":146,"column":11}},"71":{"start":{"line":145,"column":12},"end":{"line":145,"column":23}},"72":{"start":{"line":151,"column":24},"end":{"line":151,"column":26}},"73":{"start":{"line":152,"column":6},"end":{"line":166,"column":7}},"74":{"start":{"line":153,"column":8},"end":{"line":165,"column":9}},"75":{"start":{"line":153,"column":21},"end":{"line":153,"column":45}},"76":{"start":{"line":154,"column":28},"end":{"line":154,"column":53}},"77":{"start":{"line":155,"column":10},"end":{"line":164,"column":13}},"78":{"start":{"line":173,"column":18},"end":{"line":180,"column":8}},"79":{"start":{"line":181,"column":21},"end":{"line":181,"column":37}},"80":{"start":{"line":183,"column":6},"end":{"line":192,"column":7}},"81":{"start":{"line":184,"column":8},"end":{"line":184,"column":64}},"82":{"start":{"line":185,"column":8},"end":{"line":185,"column":44}},"83":{"start":{"line":189,"column":8},"end":{"line":189,"column":83}},"84":{"start":{"line":194,"column":6},"end":{"line":194,"column":69}},"85":{"start":{"line":198,"column":34},"end":{"line":198,"column":46}},"86":{"start":{"line":200,"column":2},"end":{"line":214,"column":9}},"87":{"start":{"line":201,"column":4},"end":{"line":213,"column":9}},"88":{"start":{"line":206,"column":19},"end":{"line":206,"column":29}},"89":{"start":{"line":207,"column":6},"end":{"line":207,"column":31}},"90":{"start":{"line":208,"column":6},"end":{"line":208,"column":31}},"91":{"start":{"line":212,"column":8},"end":{"line":212,"column":19}},"92":{"start":{"line":219,"column":4},"end":{"line":219,"column":22}},"93":{"start":{"line":221,"column":4},"end":{"line":221,"column":23}},"94":{"start":{"line":227,"column":2},"end":{"line":227,"column":24}},"95":{"start":{"line":232,"column":42},"end":{"line":232,"column":76}},"96":{"start":{"line":233,"column":37},"end":{"line":233,"column":70}},"97":{"start":{"line":235,"column":29},"end":{"line":242,"column":3}},"98":{"start":{"line":236,"column":32},"end":{"line":238,"column":5}},"99":{"start":{"line":237,"column":6},"end":{"line":237,"column":32}},"100":{"start":{"line":240,"column":4},"end":{"line":240,"column":41}},"101":{"start":{"line":244,"column":16},"end":{"line":281,"column":3}},"102":{"start":{"line":283,"column":19},"end":{"line":283,"column":73}},"103":{"start":{"line":285,"column":2},"end":{"line":495,"column":4}},"104":{"start":{"line":306,"column":68},"end":{"line":306,"column":89}},"105":{"start":{"line":310,"column":26},"end":{"line":314,"column":28}},"106":{"start":{"line":411,"column":20},"end":{"line":426,"column":22}},"107":{"start":{"line":421,"column":44},"end":{"line":421,"column":69}},"108":{"start":{"line":482,"column":57},"end":{"line":482,"column":86}}},"fnMap":{"0":{"name":"PHmultiple","decl":{"start":{"line":10,"column":9},"end":{"line":10,"column":19}},"loc":{"start":{"line":10,"column":22},"end":{"line":496,"column":1}},"line":10},"1":{"name":"getDate","decl":{"start":{"line":20,"column":11},"end":{"line":20,"column":18}},"loc":{"start":{"line":20,"column":21},"end":{"line":23,"column":3}},"line":20},"2":{"name":"(anonymous_2)","decl":{"start":{"line":26,"column":18},"end":{"line":26,"column":19}},"loc":{"start":{"line":26,"column":44},"end":{"line":52,"column":3}},"line":26},"3":{"name":"(anonymous_3)","decl":{"start":{"line":38,"column":12},"end":{"line":38,"column":13}},"loc":{"start":{"line":38,"column":21},"end":{"line":38,"column":31}},"line":38},"4":{"name":"(anonymous_4)","decl":{"start":{"line":39,"column":12},"end":{"line":39,"column":13}},"loc":{"start":{"line":39,"column":22},"end":{"line":51,"column":7}},"line":39},"5":{"name":"(anonymous_5)","decl":{"start":{"line":63,"column":23},"end":{"line":63,"column":24}},"loc":{"start":{"line":63,"column":30},"end":{"line":69,"column":3}},"line":63},"6":{"name":"(anonymous_6)","decl":{"start":{"line":71,"column":12},"end":{"line":71,"column":13}},"loc":{"start":{"line":71,"column":18},"end":{"line":84,"column":3}},"line":71},"7":{"name":"(anonymous_7)","decl":{"start":{"line":86,"column":12},"end":{"line":86,"column":13}},"loc":{"start":{"line":86,"column":18},"end":{"line":109,"column":3}},"line":86},"8":{"name":"(anonymous_8)","decl":{"start":{"line":91,"column":29},"end":{"line":91,"column":30}},"loc":{"start":{"line":91,"column":45},"end":{"line":95,"column":5}},"line":91},"9":{"name":"(anonymous_9)","decl":{"start":{"line":101,"column":50},"end":{"line":101,"column":51}},"loc":{"start":{"line":101,"column":67},"end":{"line":103,"column":5}},"line":101},"10":{"name":"(anonymous_10)","decl":{"start":{"line":113,"column":19},"end":{"line":113,"column":20}},"loc":{"start":{"line":113,"column":32},"end":{"line":196,"column":3}},"line":113},"11":{"name":"(anonymous_11)","decl":{"start":{"line":117,"column":38},"end":{"line":117,"column":39}},"loc":{"start":{"line":117,"column":48},"end":{"line":119,"column":7}},"line":117},"12":{"name":"(anonymous_12)","decl":{"start":{"line":120,"column":33},"end":{"line":120,"column":34}},"loc":{"start":{"line":120,"column":49},"end":{"line":122,"column":7}},"line":120},"13":{"name":"(anonymous_13)","decl":{"start":{"line":124,"column":27},"end":{"line":124,"column":28}},"loc":{"start":{"line":124,"column":36},"end":{"line":126,"column":7}},"line":124},"14":{"name":"(anonymous_14)","decl":{"start":{"line":132,"column":31},"end":{"line":132,"column":32}},"loc":{"start":{"line":132,"column":47},"end":{"line":136,"column":7}},"line":132},"15":{"name":"(anonymous_15)","decl":{"start":{"line":142,"column":47},"end":{"line":142,"column":48}},"loc":{"start":{"line":142,"column":62},"end":{"line":148,"column":7}},"line":142},"16":{"name":"(anonymous_16)","decl":{"start":{"line":200,"column":12},"end":{"line":200,"column":13}},"loc":{"start":{"line":200,"column":18},"end":{"line":214,"column":3}},"line":200},"17":{"name":"(anonymous_17)","decl":{"start":{"line":206,"column":12},"end":{"line":206,"column":13}},"loc":{"start":{"line":206,"column":19},"end":{"line":206,"column":29}},"line":206},"18":{"name":"(anonymous_18)","decl":{"start":{"line":206,"column":36},"end":{"line":206,"column":37}},"loc":{"start":{"line":206,"column":48},"end":{"line":210,"column":5}},"line":206},"19":{"name":"(anonymous_19)","decl":{"start":{"line":211,"column":13},"end":{"line":211,"column":14}},"loc":{"start":{"line":211,"column":22},"end":{"line":213,"column":7}},"line":211},"20":{"name":"fillValues","decl":{"start":{"line":218,"column":11},"end":{"line":218,"column":21}},"loc":{"start":{"line":218,"column":28},"end":{"line":225,"column":3}},"line":218},"21":{"name":"(anonymous_21)","decl":{"start":{"line":235,"column":29},"end":{"line":235,"column":30}},"loc":{"start":{"line":235,"column":36},"end":{"line":242,"column":3}},"line":235},"22":{"name":"(anonymous_22)","decl":{"start":{"line":236,"column":49},"end":{"line":236,"column":50}},"loc":{"start":{"line":237,"column":6},"end":{"line":237,"column":32}},"line":237},"23":{"name":"(anonymous_23)","decl":{"start":{"line":306,"column":59},"end":{"line":306,"column":60}},"loc":{"start":{"line":306,"column":66},"end":{"line":306,"column":91}},"line":306},"24":{"name":"(anonymous_24)","decl":{"start":{"line":309,"column":37},"end":{"line":309,"column":38}},"loc":{"start":{"line":309,"column":54},"end":{"line":315,"column":25}},"line":309},"25":{"name":"(anonymous_25)","decl":{"start":{"line":410,"column":29},"end":{"line":410,"column":30}},"loc":{"start":{"line":410,"column":50},"end":{"line":427,"column":19}},"line":410},"26":{"name":"(anonymous_26)","decl":{"start":{"line":421,"column":38},"end":{"line":421,"column":39}},"loc":{"start":{"line":421,"column":44},"end":{"line":421,"column":69}},"line":421},"27":{"name":"(anonymous_27)","decl":{"start":{"line":482,"column":49},"end":{"line":482,"column":50}},"loc":{"start":{"line":482,"column":55},"end":{"line":482,"column":88}},"line":482}},"branchMap":{"0":{"loc":{"start":{"line":72,"column":4},"end":{"line":83,"column":5}},"type":"if","locations":[{"start":{"line":72,"column":4},"end":{"line":83,"column":5}},{"start":{"line":78,"column":9},"end":{"line":83,"column":5}}],"line":72},"1":{"loc":{"start":{"line":73,"column":6},"end":{"line":74,"column":26}},"type":"binary-expr","locations":[{"start":{"line":73,"column":6},"end":{"line":73,"column":67}},{"start":{"line":74,"column":6},"end":{"line":74,"column":26}}],"line":73},"2":{"loc":{"start":{"line":78,"column":9},"end":{"line":83,"column":5}},"type":"if","locations":[{"start":{"line":78,"column":9},"end":{"line":83,"column":5}},{"start":{"line":81,"column":9},"end":{"line":83,"column":5}}],"l
[...]
ine":52,"column":16},"end":{"line":52,"column":60}},"23":{"start":{"line":55,"column":16},"end":{"line":55,"column":33}},"24":{"start":{"line":56,"column":16},"end":{"line":56,"column":52}},"25":{"start":{"line":60,"column":4},"end":{"line":212,"column":6}},"26":{"start":{"line":198,"column":163},"end":{"line":198,"column":178}},"27":{"start":{"line":201,"column":107},"end":{"line":201,"column":136}}},"fnMap":{"0":{"name":"UpdatePanel","decl":{"start":{"line":8,"column":9},"end":{"line":8,"column":20}},"loc":{"start":{"line":8,"column":23},"end":{"line":213,"column":1}},"line":8},"1":{"name":"(anonymous_1)","decl":{"start":{"line":22,"column":14},"end":{"line":22,"column":15}},"loc":{"start":{"line":22,"column":18},"end":{"line":31,"column":5}},"line":22},"2":{"name":"handleUpdate","decl":{"start":{"line":33,"column":19},"end":{"line":33,"column":31}},"loc":{"start":{"line":33,"column":35},"end":{"line":58,"column":5}},"line":33},"3":{"name":"(anonymous_3)","decl":{"start":{"line":49,"column":16},"end":{"line":49,"column":17}},"loc":{"start":{"line":49,"column":23},"end":{"line":49,"column":33}},"line":49},"4":{"name":"(anonymous_4)","decl":{"start":{"line":50,"column":18},"end":{"line":50,"column":19}},"loc":{"start":{"line":50,"column":30},"end":{"line":54,"column":13}},"line":50},"5":{"name":"(anonymous_5)","decl":{"start":{"line":54,"column":21},"end":{"line":54,"column":22}},"loc":{"start":{"line":54,"column":28},"end":{"line":57,"column":13}},"line":54},"6":{"name":"(anonymous_6)","decl":{"start":{"line":198,"column":156},"end":{"line":198,"column":157}},"loc":{"start":{"line":198,"column":163},"end":{"line":198,"column":178}},"line":198},"7":{"name":"(anonymous_7)","decl":{"start":{"line":201,"column":102},"end":{"line":201,"column":103}},"loc":{"start":{"line":201,"column":106},"end":{"line":201,"column":137}},"line":201}},"branchMap":{},"s":{"0":1,"1":0,"2":0,"3":0,"4":0,"5":0,"6":0,"7":0,"8":0,"9":0,"10":0,"11":0,"12":0,"13":0,"14":0,"15":0,"16":0,"17":0,"18":0,"19":0,"20":0,"21":0,"22":0,"23":0,"24":0,"25":0,"26":0,"27":0},"f":{"0":0,"1":0,"2":0,"3":0,"4":0,"5":0,"6":0,"7":0},"b":{},"_coverageSchema":"1a1c01bbd47fc00a2c39e90264f33305004495a9","hash":"12a321867581b41689cc2bbc27b6b5a672273ccb"}
,"C:\\Users\\NR75253\\Desktop\\PANEL_MANAGEMENT_FRONTEND\\frontend\\src\\Components\\SearchList\\Search.js": {"path":"C:\\Users\\NR75253\\Desktop\\PANEL_MANAGEMENT_FRONTEND\\frontend\\src\\Components\\SearchList\\Search.js","statementMap":{"0":{"start":{"line":9,"column":30},"end":{"line":9,"column":42}},"1":{"start":{"line":10,"column":34},"end":{"line":10,"column":46}},"2":{"start":{"line":11,"column":36},"end":{"line":11,"column":48}},"3":{"start":{"line":12,"column":40},"end":{"line":12,"column":55}},"4":{"start":{"line":14,"column":29},"end":{"line":18,"column":3}},"5":{"start":{"line":15,"column":4},"end":{"line":15,"column":24}},"6":{"start":{"line":16,"column":4},"end":{"line":16,"column":26}},"7":{"start":{"line":17,"column":4},"end":{"line":17,"column":30}},"8":{"start":{"line":20,"column":31},"end":{"line":24,"column":3}},"9":{"start":{"line":21,"column":4},"end":{"line":21,"column":26}},"10":{"start":{"line":22,"column":4},"end":{"line":22,"column":24}},"11":{"start":{"line":23,"column":4},"end":{"line":23,"column":46}},"12":{"start":{"line":26,"column":29},"end":{"line":78,"column":3}},"13":{"start":{"line":27,"column":4},"end":{"line":27,"column":23}},"14":{"start":{"line":29,"column":21},"end":{"line":29,"column":23}},"15":{"start":{"line":30,"column":26},"end":{"line":30,"column":28}},"16":{"start":{"line":32,"column":4},"end":{"line":55,"column":5}},"17":{"start":{"line":33,"column":6},"end":{"line":35,"column":8}},"18":{"start":{"line":37,"column":6},"end":{"line":37,"column":40}},"19":{"start":{"line":38,"column":6},"end":{"line":38,"column":27}},"20":{"start":{"line":40,"column":6},"end":{"line":54,"column":7}},"21":{"start":{"line":41,"column":8},"end":{"line":43,"column":10}},"22":{"start":{"line":45,"column":8},"end":{"line":45,"column":42}},"23":{"start":{"line":46,"column":8},"end":{"line":46,"column":30}},"24":{"start":{"line":48,"column":8},"end":{"line":50,"column":10}},"25":{"start":{"line":52,"column":8},"end":{"line":52,"column":42}},"26":{"start":{"line":53,"column":8},"end":{"line":53,"column":29}},"27":{"start":{"line":57,"column":4},"end":{"line":77,"column":5}},"28":{"start":{"line":58,"column":6},"end":{"line":58,"column":26}},"29":{"start":{"line":59,"column":6},"end":{"line":63,"column":8}},"30":{"start":{"line":65,"column":6},"end":{"line":65,"column":31}},"31":{"start":{"line":67,"column":6},"end":{"line":67,"column":22}},"32":{"start":{"line":68,"column":6},"end":{"line":68,"column":20}},"33":{"start":{"line":70,"column":6},"end":{"line":70,"column":25}},"34":{"start":{"line":72,"column":6},"end":{"line":74,"column":8}},"35":{"start":{"line":76,"column":6},"end":{"line":76,"column":31}},"36":{"start":{"line":79,"column":2},"end":{"line":181,"column":4}}},"fnMap":{"0":{"name":"Search","decl":{"start":{"line":4,"column":9},"end":{"line":4,"column":15}},"loc":{"start":{"line":8,"column":3},"end":{"line":182,"column":1}},"line":8},"1":{"name":"(anonymous_1)","decl":{"start":{"line":14,"column":29},"end":{"line":14,"column":30}},"loc":{"start":{"line":14,"column":36},"end":{"line":18,"column":3}},"line":14},"2":{"name":"(anonymous_2)","decl":{"start":{"line":20,"column":31},"end":{"line":20,"column":32}},"loc":{"start":{"line":20,"column":38},"end":{"line":24,"column":3}},"line":20},"3":{"name":"(anonymous_3)","decl":{"start":{"line":26,"column":29},"end":{"line":26,"column":30}},"loc":{"start":{"line":26,"column":36},"end":{"line":78,"column":3}},"line":26}},"branchMap":{"0":{"loc":{"start":{"line":32,"column":4},"end":{"line":55,"column":5}},"type":"if","locations":[{"start":{"line":32,"column":4},"end":{"line":55,"column":5}},{"start":{"line":39,"column":11},"end":{"line":55,"column":5}}],"line":32},"1":{"loc":{"start":{"line":32,"column":8},"end":{"line":32,"column":37}},"type":"binary-expr","locations":[{"start":{"line":32,"column":8},"end":{"line":32,"column":14}},{"start":{"line":32,"column":18},"end":{"line":32,"column":37}}],"line":32},"2":{"loc":{"start":{"line":40,"column":6},"end":{"line":54,"column":7}},"type":"if","locations":[{"start":{"line":40,"column":6},"end":{"line":54,"column":7}},{"start":{"line":47,"column":13},"end":{"line":54,"column":7}}],"line":40},"3":{"loc":{"start":{"line":40,"column":10},"end":{"line":40,"column":28}},"type":"binary-expr","locations":[{"start":{"line":40,"column":10},"end":{"line":40,"column":18}},{"start":{"line":40,"column":22},"end":{"line":40,"column":28}}],"line":40},"4":{"loc":{"start":{"line":57,"column":4},"end":{"line":77,"column":5}},"type":"if","locations":[{"start":{"line":57,"column":4},"end":{"line":77,"column":5}},{"start":{"line":69,"column":11},"end":{"line":77,"column":5}}],"line":57},"5":{"loc":{"start":{"line":57,"column":8},"end":{"line":57,"column":26}},"type":"binary-expr","locations":[{"start":{"line":57,"column":8},"end":{"line":57,"column":14}},{"start":{"line":57,"column":18},"end":{"line":57,"column":26}}],"line":57},"6":{"loc":{"start":{"line":94,"column":14},"end":{"line":97,"column":20}},"type":"cond-expr","locations":[{"start":{"line":96,"column":18},"end":{"line":96,"column":36}},{"start":{"line":97,"column":18},"end":{"line":97,"column":20}}],"line":94},"7":{"loc":{"start":{"line":94,"column":14},"end":{"line":95,"column":41}},"type":"binary-expr","locations":[{"start":{"line":94,"column":14},"end":{"line":94,"column":42}},{"start":{"line":95,"column":14},"end":{"line":95,"column":41}}],"line":94},"8":{"loc":{"start":{"line":99,"column":14},"end":{"line":101,"column":34}},"type":"binary-expr","locations":[{"start":{"line":99,"column":15},"end":{"line":99,"column":48}},{"start":{"line":100,"column":16},"end":{"line":100,"column":47}},{"start":{"line":101,"column":14},"end":{"line":101,"column":34}}],"line":99},"9":{"loc":{"start":{"line":108,"column":18},"end":{"line":110,"column":24}},"type":"cond-expr","locations":[{"start":{"line":109,"column":22},"end":{"line":109,"column":37}},{"start":{"line":110,"column":22},"end":{"line":110,"column":24}}],"line":108},"10":{"loc":{"start":{"line":108,"column":18},"end":{"line":108,"column":42}},"type":"binary-expr","locations":[{"start":{"line":108,"column":18},"end":{"line":108,"column":27}},{"start":{"line":108,"column":31},"end":{"line":108,"column":42}}],"line":108},"11":{"loc":{"start":{"line":118,"column":13},"end":{"line":123,"column":13}},"type":"binary-expr","locations":[{"start":{"line":118,"column":13},"end":{"line":118,"column":22}},{"start":{"line":119,"column":14},"end":{"line":122,"column":18}}],"line":118},"12":{"loc":{"start":{"line":124,"column":13},"end":{"line":129,"column":13}},"type":"binary-expr","locations":[{"start":{"line":124,"column":13},"end":{"line":124,"column":24}},{"start":{"line":124,"column":28},"end":{"line":124,"column":38}},{"start":{"line":125,"column":14},"end":{"line":128,"column":18}}],"line":124},"13":{"loc":{"start":{"line":145,"column":14},"end":{"line":148,"column":20}},"type":"cond-expr","locations":[{"start":{"line":147,"column":18},"end":{"line":147,"column":36}},{"start":{"line":148,"column":18},"end":{"line":148,"column":20}}],"line":145},"14":{"loc":{"start":{"line":145,"column":14},"end":{"line":146,"column":41}},"type":"binary-expr","locations":[{"start":{"line":145,"column":14},"end":{"line":145,"column":42}},{"start":{"line":146,"column":14},"end":{"line":146,"column":41}}],"line":145},"15":{"loc":{"start":{"line":150,"column":14},"end":{"line":152,"column":34}},"type":"binary-expr","locations":[{"start":{"line":150,"column":15},"end":{"line":150,"column":48}},{"start":{"line":151,"column":16},"end":{"line":151,"column":47}},{"start":{"line":152,"column":14},"end":{"line":152,"column":34}}],"line":150},"16":{"loc":{"start":{"line":161,"column":18},"end":{"line":161,"column":46}},"type":"binary-expr","locations":[{"start":{"line":161,"column":18},"end":{"line":161,"column":27}},{"start":{"line":161,"column":31},"end":{"line":161,"column":46}}],"line":161}},"s":{"0":3,"1":3,"2":3,"3":3,"4":3,"5":0,"6":0,"7":0,"8":3,"9":0,"10":0,"11":0,"12":3,"13":0,"14":0,"15":0,"16":0,"17":0,"18":0,"19":0,"20":0,"21":0,"22":0,"23":0,"24":0,"25":0,"26":0,"27":0,"28":0,"29":0,"30":0,"31":0,"32":0,"33":0,"34":0,"35":0,"36":3},"f":{"0":3,"1":0,"2":0,"3":0},"b":{"0":[0,0],"1":[0,0],"2":[0,0],"3":[0,0],"4":[0,0],"5":[0,0],"6":[0,3],"7":[3,3],"8":[3,3,0],"9":[0,3],"10":[3,3],"11":[3,0],"12":[3,0,0],"13":[0,3],"14":[3,3],"15":[3,3,0],"16":[3,0]},"_coverageSchema":"1a1c01bbd47fc00a2c39e90264f33305004495a9","hash":"66bfac05864f83f8c8d148f2fa406bb02287611e"}
,"C:\\Users\\NR75253\\Desktop\\PANEL_MANAGEMENT_FRONTEND\\frontend\\src\\Components\\SearchList\\SingleList.js": {"path":"C:\\Users\\NR75253\\Desktop\\PANEL_MANAGEMENT_FRONTEND\\frontend\\src\\Components\\SearchList\\SingleList.js","statementMap":{"0":{"start":{"line":12,"column":22},"end":{"line":12,"column":32}},"1":{"start":{"line":13,"column":26},"end":{"line":13,"column":36}},"2":{"start":{"line":14,"column":28},"end":{"line":14,"column":54}},"3":{"start":{"line":15,"column":30},"end":{"line":15,"column":40}},"4":{"start":{"line":16,"column":24},"end":{"line":16,"column":39}},"5":{"start":{"line":17,"column":26},"end":{"line":17,"column":41}},"6":{"start":{"line":18,"column":36},"end":{"line":18,"column":48}},"7":{"start":{"line":19,"column":34},"end":{"line":19,"column":48}},"8":{"start":{"line":20,"column":16},"end":{"line":29,"column":3}},"9":{"start":{"line":31,"column":2},"end":{"line":62,"column":25}},"10":{"start":{"line":32,"column":4},"end":{"line":61,"column":5}},"11":{"start":{"line":34,"column":8},"end":{"line":34,"column":28}},"12":{"start":{"line":35,"column":8},"end":{"line":35,"column":32}},"13":{"start":{"line":36,"column":8},"end":{"line":36,"column":26}},"14":{"start":{"line":37,"column":8},"end":{"line":37,"column":14}},"15":{"start":{"line":39,"column":8},"end":{"line":39,"column":38}},"16":{"start":{"line":40,"column":8},"end":{"line":40,"column":38}},"17":{"start":{"line":41,"column":8},"end":{"line":41,"column":32}},"18":{"start":{"line":42,"column":8},"end":{"line":42,"column":14}},"19":{"start":{"line":44,"column":8},"end":{"line":44,"column":35}},"20":{"start":{"line":45,"column":8},"end":{"line":45,"column":34}},"21":{"start":{"line":46,"column":8},"end":{"line":46,"column":33}},"22":{"start":{"line":47,"column":8},"end":{"line":47,"column":14}},"23":{"start":{"line":49,"column":8},"end":{"line":49,"column":29}},"24":{"start":{"line":50,"column":8},"end":{"line":50,"column":28}},"25":{"start":{"line":51,"column":8},"end":{"line":51,"column":27}},"26":{"start":{"line":52,"column":8},"end":{"line":52,"column":14}},"27":{"start":{"line":54,"column":8},"end":{"line":54,"column":40}},"28":{"start":{"line":55,"column":8},"end":{"line":55,"column":39}},"29":{"start":{"line":56,"column":8},"end":{"line":56,"column":38}},"30":{"start":{"line":57,"column":8},"end":{"line":57,"column":14}},"31":{"start":{"line":60,"column":8},"end":{"line":60,"column":14}},"32":{"start":{"line":64,"column":25},"end":{"line":72,"column":3}},"33":{"start":{"line":65,"column":24},"end":{"line":67,"column":5}},"34":{"start":{"line":69,"column":4},"end":{"line":69,"column":24}},"35":{"start":{"line":71,"column":4},"end":{"line":71,"column":23}},"36":{"start":{"line":74,"column":29},"end":{"line":76,"column":3}},"37":{"start":{"line":75,"column":4},"end":{"line":75,"column":21}},"38":{"start":{"line":78,"column":29},"end":{"line":112,"column":3}},"39":{"start":{"line":79,"column":4},"end":{"line":111,"column":5}},"40":{"start":{"line":80,"column":29},"end":{"line":90,"column":7}},"41":{"start":{"line":92,"column":21},"end":{"line":92,"column":48}},"42":{"start":{"line":93,"column":6},"end":{"line":93,"column":26}},"43":{"start":{"line":95,"column":6},"end":{"line":98,"column":7}},"44":{"start":{"line":96,"column":8},"end":{"line":96,"column":23}},"45":{"start":{"line":97,"column":8},"end":{"line":97,"column":25}},"46":{"start":{"line":100,"column":6},"end":{"line":104,"column":7}},"47":{"start":{"line":101,"column":8},"end":{"line":101,"column":26}},"48":{"start":{"line":102,"column":8},"end":{"line":102,"column":31}},"49":{"start":{"line":103,"column":8},"end":{"line":103,"column":23}},"50":{"start":{"line":106,"column":6},"end":{"line":108,"column":7}},"51":{"start":{"line":107,"column":8},"end":{"line":107,"column":22}},"52":{"start":{"line":110,"column":6},"end":{"line":110,"column":25}},"53":{"start":{"line":113,"column":2},"end":{"line":113,"column":32}},"54":{"start":{"line":114,"column":21},"end":{"line":128,"column":3}},"55":{"start":{"line":115,"column":4},"end":{"line":117,"column":5}},"56":{"start":{"line":116,"column":6},"end":{"line":116,"column":13}},"57":{"start":{"line":118,"column":4},"end":{"line":118,"column":18}},"58":{"start":{"line":119,"column":4},"end":{"line":127,"column":5}},"59":{"start":{"line":120,"column":6},"end":{"line":120,"column":58}},"60":{"start":{"line":122,"column":6},"end":{"line":126,"column":8}},"61":{"start":{"line":130,"column":22},"end":{"line":132,"column":3}},"62":{"start":{"line":131,"column":4},"end":{"line":131,"column":19}},"63":{"start":{"line":134,"column":2},"end":{"line":134,"column":20}},"64":{"start":{"line":135,"column":2},"end":{"line":213,"column":4}}},"fnMap":{"0":{"name":"SingleList","decl":{"start":{"line":5,"column":9},"end":{"line":5,"column":19}},"loc":{"start":{"line":11,"column":3},"end":{"line":214,"column":1}},"line":11},"1":{"name":"(anonymous_1)","decl":{"start":{"line":31,"column":12},"end":{"line":31,"column":13}},"loc":{"start":{"line":31,"column":18},"end":{"line":62,"column":3}},"line":31},"2":{"name":"(anonymous_2)","decl":{"start":{"line":64,"column":25},"end":{"line":64,"column":26}},"loc":{"start":{"line":64,"column":37},"end":{"line":72,"column":3}},"line":64},"3":{"name":"(anonymous_3)","decl":{"start":{"line":74,"column":29},"end":{"line":74,"column":30}},"loc":{"start":{"line":74,"column":35},"end":{"line":76,"column":3}},"line":74},"4":{"name":"(anonymous_4)","decl":{"start":{"line":78,"column":29},"end":{"line":78,"column":30}},"loc":{"start":{"line":78,"column":42},"end":{"line":112,"column":3}},"line":78},"5":{"name":"(anonymous_5)","decl":{"start":{"line":114,"column":21},"end":{"line":114,"column":22}},"loc":{"start":{"line":114,"column":27},"end":{"line":128,"column":3}},"line":114},"6":{"name":"(anonymous_6)","decl":{"start":{"line":130,"column":22},"end":{"line":130,"column":23}},"loc":{"start":{"line":130,"column":28},"end":{"line":132,"column":3}},"line":130}},"branchMap":{"0":{"loc":{"start":{"line":32,"column":4},"end":{"line":61,"column":5}},"type":"switch","locations":[{"start":{"line":33,"column":6},"end":{"line":37,"column":14}},{"start":{"line":38,"column":6},"end":{"line":42,"column":14}},{"start":{"line":43,"column":6},"end":{"line":47,"column":14}},{"start":{"line":48,"column":6},"end":{"line":52,"column":14}},{"start":{"line":53,"column":6},"end":{"line":57,"column":14}},{"start":{"line":59,"column":6},"end":{"line":60,"column":14}}],"line":32},"1":{"loc":{"start":{"line":95,"column":6},"end":{"line":98,"column":7}},"type":"if","locations":[{"start":{"line":95,"column":6},"end":{"line":98,"column":7}},{"start":{},"end":{}}],"line":95},"2":{"loc":{"start":{"line":100,"column":6},"end":{"line":104,"column":7}},"type":"if","locations":[{"start":{"line":100,"column":6},"end":{"line":104,"column":7}},{"start":{},"end":{}}],"line":100},"3":{"loc":{"start":{"line":106,"column":6},"end":{"line":108,"column":7}},"type":"if","locations":[{"start":{"line":106,"column":6},"end":{"line":108,"column":7}},{"start":{},"end":{}}],"line":106},"4":{"loc":{"start":{"line":115,"column":4},"end":{"line":117,"column":5}},"type":"if","locations":[{"start":{"line":115,"column":4},"end":{"line":117,"column":5}},{"start":{},"end":{}}],"line":115},"5":{"loc":{"start":{"line":119,"column":4},"end":{"line":127,"column":5}},"type":"if","locations":[{"start":{"line":119,"column":4},"end":{"line":127,"column":5}},{"start":{"line":121,"column":11},"end":{"line":127,"column":5}}],"line":119},"6":{"loc":{"start":{"line":124,"column":10},"end":{"line":124,"column":38}},"type":"cond-expr","locations":[{"start":{"line":124,"column":18},"end":{"line":124,"column":27}},{"start":{"line":124,"column":30},"end":{"line":124,"column":38}}],"line":124},"7":{"loc":{"start":{"line":138,"column":19},"end":{"line":138,"column":49}},"type":"cond-expr","locations":[{"start":{"line":138,"column":28},"end":{"line":138,"column":44}},{"start":{"line":138,"column":47},"end":{"line":138,"column":49}}],"line":138},"8":{"loc":{"start":{"line":159,"column":16},"end":{"line":159,"column":59}},"type":"binary-expr","locations":[{"start":{"line":159,"column":16},"end":{"line":159,"column":37}},{"start":{"line":159,"column":41},"end":{"line":159,"column":59}}],"line":159},"9":{"loc":{"start":{"line":161,"column":24},"end":{"line":161,"column":56}},"type":"binary-expr","locations":[{"start":{"line":161,"column":24},"end":{"line":161,"column":48}},{"start":{"line":161,"column":52},"end":{"line":161,"column":56}}],"line":161}},"s":{"0":1,"1":1,"2":1,"3":1,"4":1,"5":1,"6":1,"7":1,"8":1,"9":1,"10":1,"11":0,"12":0,"13":0,"14":0,"15":0,"16":0,"17":0,"18":0,"19":0,"20":0,"21":0,"22":0,"23":0,"24":0,"25":0,"26":0,"27":0,"28":0,"29":0,"30":0,"31":1,"32":1,"33":0,"34":0,"35":0,"36":1,"37":0,"38":1,"39":0,"40":0,"41":0,"42":0,"43":0,"44":0,"45":0,"46":0,"47":0,"48":0,"49":0,"50":0,"51":0,"52":0,"53":1,"54":1,"55":0,"56":0,"57":0,"58":0,"59":0,"60":0,"61":1,"62":0,"63":1,"64":1},"f":{"0":1,"1":1,"2":0,"3":0,"4":0,"5":0,"6":0},"b":{"0":[0,0,0,0,0,1],"1":[0,0],"2":[0,0],"3":[0,0],"4":[0,0],"5":[0,0],"6":[0,0],"7":[1,0],"8":[1,1],"9":[1,0]},"_coverageSchema":"1a1c01bbd47fc00a2c39e90264f33305004495a9","hash":"f49c449fe7c7f147483194db0e4dee9bd1c3bf6e"}
}
