TN:
SF:src\App.js
FN:52,App
FN:60,(anonymous_1)
FN:79,(anonymous_2)
FN:103,(anonymous_3)
FNF:4
FNH:0
FNDA:0,App
FNDA:0,(anonymous_1)
FNDA:0,(anonymous_2)
FNDA:0,(anonymous_3)
DA:53,0
DA:54,0
DA:55,0
DA:56,0
DA:58,0
DA:60,0
DA:61,0
DA:63,0
DA:64,0
DA:65,0
DA:66,0
DA:67,0
DA:77,0
DA:78,0
DA:79,0
DA:80,0
DA:91,0
DA:92,0
DA:94,0
DA:97,0
DA:98,0
DA:103,0
DA:104,0
DA:108,0
DA:109,0
DA:111,0
LF:26
LH:0
BRDA:63,0,0,0
BRDA:63,0,1,0
BRDA:66,1,0,0
BRDA:66,1,1,0
BRDA:77,2,0,0
BRDA:77,2,1,0
BRDA:97,3,0,0
BRDA:97,3,1,0
BRDA:116,4,0,0
BRDA:116,4,1,0
BRDA:146,5,0,0
BRDA:146,5,1,0
BRDA:319,6,0,0
BRDA:319,6,1,0
BRDA:437,7,0,0
BRDA:437,7,1,0
BRF:16
BRH:0
end_of_record
TN:
SF:src\Components\Panel\AddPanel\AddPanel.js
FN:13,AddPanelIG
FN:56,(anonymous_1)
FN:59,(anonymous_2)
FN:64,(anonymous_3)
FN:73,(anonymous_4)
FN:88,(anonymous_5)
FN:89,(anonymous_6)
FN:92,(anonymous_7)
FN:95,(anonymous_8)
FN:96,(anonymous_9)
FN:99,(anonymous_10)
FN:103,(anonymous_11)
FN:104,(anonymous_12)
FN:107,(anonymous_13)
FN:110,(anonymous_14)
FN:111,(anonymous_15)
FN:114,(anonymous_16)
FN:119,fetchUser
FN:152,populate_dropdown
FN:153,(anonymous_19)
FN:165,populate_dropdown_role
FN:166,(anonymous_21)
FN:180,getDropdown
FN:199,Get_panel_data
FN:250,handleCancel
FN:254,submitData
FN:309,refreshDataRole
FN:324,(anonymous_27)
FN:328,(anonymous_28)
FN:339,deleteRow
FN:349,(anonymous_30)
FN:358,refreshDataIntType
FN:360,(anonymous_32)
FN:371,refreshDataActive
FN:373,(anonymous_34)
FN:380,addNewRole
FN:415,(anonymous_36)
FN:451,(anonymous_37)
FN:479,(anonymous_38)
FN:509,(anonymous_39)
FN:541,(anonymous_40)
FN:567,(anonymous_41)
FN:597,(anonymous_42)
FN:624,(anonymous_43)
FN:632,(anonymous_44)
FN:653,(anonymous_45)
FN:669,(anonymous_46)
FN:689,(anonymous_47)
FN:698,(anonymous_48)
FNF:49
FNH:0
FNDA:0,AddPanelIG
FNDA:0,(anonymous_1)
FNDA:0,(anonymous_2)
FNDA:0,(anonymous_3)
FNDA:0,(anonymous_4)
FNDA:0,(anonymous_5)
FNDA:0,(anonymous_6)
FNDA:0,(anonymous_7)
FNDA:0,(anonymous_8)
FNDA:0,(anonymous_9)
FNDA:0,(anonymous_10)
FNDA:0,(anonymous_11)
FNDA:0,(anonymous_12)
FNDA:0,(anonymous_13)
FNDA:0,(anonymous_14)
FNDA:0,(anonymous_15)
FNDA:0,(anonymous_16)
FNDA:0,fetchUser
FNDA:0,populate_dropdown
FNDA:0,(anonymous_19)
FNDA:0,populate_dropdown_role
FNDA:0,(anonymous_21)
FNDA:0,getDropdown
FNDA:0,Get_panel_data
FNDA:0,handleCancel
FNDA:0,submitData
FNDA:0,refreshDataRole
FNDA:0,(anonymous_27)
FNDA:0,(anonymous_28)
FNDA:0,deleteRow
FNDA:0,(anonymous_30)
FNDA:0,refreshDataIntType
FNDA:0,(anonymous_32)
FNDA:0,refreshDataActive
FNDA:0,(anonymous_34)
FNDA:0,addNewRole
FNDA:0,(anonymous_36)
FNDA:0,(anonymous_37)
FNDA:0,(anonymous_38)
FNDA:0,(anonymous_39)
FNDA:0,(anonymous_40)
FNDA:0,(anonymous_41)
FNDA:0,(anonymous_42)
FNDA:0,(anonymous_43)
FNDA:0,(anonymous_44)
FNDA:0,(anonymous_45)
FNDA:0,(anonymous_46)
FNDA:0,(anonymous_47)
FNDA:0,(anonymous_48)
DA:14,0
DA:17,0
DA:18,0
DA:20,0
DA:21,0
DA:22,0
DA:24,0
DA:25,0
DA:33,0
DA:34,0
DA:35,0
DA:36,0
DA:37,0
DA:38,0
DA:39,0
DA:40,0
DA:41,0
DA:42,0
DA:43,0
DA:44,0
DA:45,0
DA:46,0
DA:47,0
DA:48,0
DA:49,0
DA:50,0
DA:51,0
DA:56,0
DA:59,0
DA:60,0
DA:61,0
DA:64,0
DA:65,0
DA:73,0
DA:75,0
DA:76,0
DA:77,0
DA:78,0
DA:79,0
DA:80,0
DA:81,0
DA:88,0
DA:89,0
DA:90,0
DA:92,0
DA:95,0
DA:96,0
DA:97,0
DA:99,0
DA:103,0
DA:104,0
DA:105,0
DA:107,0
DA:110,0
DA:111,0
DA:112,0
DA:114,0
DA:120,0
DA:121,0
DA:124,0
DA:126,0
DA:127,0
DA:129,0
DA:131,0
DA:132,0
DA:133,0
DA:134,0
DA:139,0
DA:141,0
DA:148,0
DA:153,0
DA:154,0
DA:162,0
DA:166,0
DA:167,0
DA:177,0
DA:181,0
DA:182,0
DA:185,0
DA:186,0
DA:187,0
DA:188,0
DA:189,0
DA:190,0
DA:195,0
DA:200,0
DA:201,0
DA:202,0
DA:203,0
DA:204,0
DA:205,0
DA:206,0
DA:207,0
DA:208,0
DA:209,0
DA:210,0
DA:211,0
DA:212,0
DA:213,0
DA:216,0
DA:218,0
DA:220,0
DA:221,0
DA:224,0
DA:225,0
DA:229,0
DA:231,0
DA:232,0
DA:236,0
DA:240,0
DA:242,0
DA:243,0
DA:244,0
DA:245,0
DA:247,0
DA:251,0
DA:255,0
DA:256,0
DA:257,0
DA:258,0
DA:260,0
DA:261,0
DA:263,0
DA:265,0
DA:266,0
DA:267,0
DA:270,0
DA:272,0
DA:273,0
DA:274,0
DA:279,0
DA:290,0
DA:291,0
DA:293,0
DA:294,0
DA:295,0
DA:297,0
DA:300,0
DA:303,0
DA:310,0
DA:312,0
DA:313,0
DA:314,0
DA:316,0
DA:318,0
DA:323,0
DA:324,0
DA:325,0
DA:327,0
DA:328,0
DA:329,0
DA:330,0
DA:333,0
DA:334,0
DA:340,0
DA:342,0
DA:343,0
DA:344,0
DA:345,0
DA:346,0
DA:347,0
DA:348,0
DA:349,0
DA:350,0
DA:351,0
DA:352,0
DA:353,0
DA:359,0
DA:360,0
DA:361,0
DA:362,0
DA:364,0
DA:366,0
DA:372,0
DA:373,0
DA:374,0
DA:375,0
DA:402,0
DA:403,0
DA:404,0
DA:406,0
DA:410,0
DA:412,0
DA:415,0
DA:416,0
DA:419,0
DA:452,0
DA:480,0
DA:510,0
DA:542,0
DA:568,0
DA:598,0
DA:625,0
DA:633,0
DA:654,0
DA:671,0
DA:689,0
DA:700,0
LF:198
LH:0
BRDA:59,0,0,0
BRDA:59,0,1,0
BRDA:129,1,0,0
BRDA:129,1,1,0
BRDA:139,2,0,0
BRDA:139,2,1,0
BRDA:202,3,0,0
BRDA:202,3,1,0
BRDA:205,4,0,0
BRDA:205,4,1,0
BRDA:208,5,0,0
BRDA:208,5,1,0
BRDA:211,6,0,0
BRDA:211,6,1,0
BRDA:213,7,0,0
BRDA:213,7,1,0
BRDA:218,8,0,0
BRDA:218,8,1,0
BRDA:218,9,0,0
BRDA:218,9,1,0
BRDA:229,10,0,0
BRDA:229,10,1,0
BRDA:245,11,0,0
BRDA:245,11,1,0
BRDA:258,12,0,0
BRDA:258,12,1,0
BRDA:263,13,0,0
BRDA:263,13,1,0
BRDA:270,14,0,0
BRDA:270,14,1,0
BRDA:291,15,0,0
BRDA:291,15,1,0
BRDA:294,16,0,0
BRDA:294,16,1,0
BRDA:310,17,0,0
BRDA:310,17,1,0
BRDA:324,18,0,0
BRDA:324,18,1,0
BRDA:329,19,0,0
BRDA:329,19,1,0
BRDA:342,20,0,0
BRDA:342,20,1,0
BRDA:361,21,0,0
BRDA:361,21,1,0
BRDA:374,22,0,0
BRDA:374,22,1,0
BRDA:402,23,0,0
BRDA:402,23,1,0
BRDA:683,24,0,0
BRDA:683,24,1,0
BRF:50
BRH:0
end_of_record
TN:
SF:src\Components\Panel\AddPanelAvailibilityPANEL\multiple\PANELmultiple.js
FN:10,PANELmultiple
FN:21,getDate
FN:27,(anonymous_2)
FN:39,(anonymous_3)
FN:40,(anonymous_4)
FN:55,(anonymous_5)
FN:67,(anonymous_6)
FN:75,(anonymous_7)
FN:90,(anonymous_8)
FN:95,(anonymous_9)
FN:105,(anonymous_10)
FN:117,(anonymous_11)
FN:121,(anonymous_12)
FN:124,(anonymous_13)
FN:128,(anonymous_14)
FN:136,(anonymous_15)
FN:146,(anonymous_16)
FN:207,(anonymous_17)
FN:213,(anonymous_18)
FN:213,(anonymous_19)
FN:218,(anonymous_20)
FN:225,fillValues
FN:242,(anonymous_22)
FN:243,(anonymous_23)
FN:313,(anonymous_24)
FN:316,(anonymous_25)
FN:417,(anonymous_26)
FN:428,(anonymous_27)
FN:490,(anonymous_28)
FNF:29
FNH:0
FNDA:0,PANELmultiple
FNDA:0,getDate
FNDA:0,(anonymous_2)
FNDA:0,(anonymous_3)
FNDA:0,(anonymous_4)
FNDA:0,(anonymous_5)
FNDA:0,(anonymous_6)
FNDA:0,(anonymous_7)
FNDA:0,(anonymous_8)
FNDA:0,(anonymous_9)
FNDA:0,(anonymous_10)
FNDA:0,(anonymous_11)
FNDA:0,(anonymous_12)
FNDA:0,(anonymous_13)
FNDA:0,(anonymous_14)
FNDA:0,(anonymous_15)
FNDA:0,(anonymous_16)
FNDA:0,(anonymous_17)
FNDA:0,(anonymous_18)
FNDA:0,(anonymous_19)
FNDA:0,(anonymous_20)
FNDA:0,fillValues
FNDA:0,(anonymous_22)
FNDA:0,(anonymous_23)
FNDA:0,(anonymous_24)
FNDA:0,(anonymous_25)
FNDA:0,(anonymous_26)
FNDA:0,(anonymous_27)
FNDA:0,(anonymous_28)
DA:8,1
DA:12,0
DA:13,0
DA:14,0
DA:15,0
DA:16,0
DA:17,0
DA:19,0
DA:22,0
DA:23,0
DA:27,0
DA:29,0
DA:30,0
DA:31,0
DA:39,0
DA:41,0
DA:42,0
DA:43,0
DA:44,0
DA:45,0
DA:46,0
DA:55,0
DA:56,0
DA:59,0
DA:67,0
DA:68,0
DA:69,0
DA:72,0
DA:75,0
DA:76,0
DA:80,0
DA:82,0
DA:83,0
DA:86,0
DA:90,0
DA:91,0
DA:92,0
DA:93,0
DA:95,0
DA:96,0
DA:97,0
DA:98,0
DA:101,0
DA:102,0
DA:105,0
DA:106,0
DA:109,0
DA:110,0
DA:117,0
DA:118,0
DA:119,0
DA:120,0
DA:121,0
DA:122,0
DA:124,0
DA:125,0
DA:128,0
DA:129,0
DA:131,0
DA:132,0
DA:133,0
DA:134,0
DA:136,0
DA:137,0
DA:138,0
DA:139,0
DA:142,0
DA:143,0
DA:146,0
DA:147,0
DA:148,0
DA:149,0
DA:155,0
DA:156,0
DA:157,0
DA:158,0
DA:159,0
DA:177,0
DA:185,0
DA:187,0
DA:189,0
DA:190,0
DA:194,0
DA:195,0
DA:200,0
DA:205,0
DA:207,0
DA:208,0
DA:213,0
DA:214,0
DA:215,0
DA:219,0
DA:226,0
DA:228,0
DA:234,0
DA:239,0
DA:240,0
DA:242,0
DA:243,0
DA:244,0
DA:247,0
DA:251,0
DA:290,0
DA:292,0
DA:313,0
DA:317,0
DA:418,0
DA:428,0
DA:490,0
LF:109
LH:1
BRDA:76,0,0,0
BRDA:76,0,1,0
BRDA:77,1,0,0
BRDA:77,1,1,0
BRDA:82,2,0,0
BRDA:82,2,1,0
BRDA:82,3,0,0
BRDA:82,3,1,0
BRDA:106,4,0,0
BRDA:106,4,1,0
BRDA:119,5,0,0
BRDA:119,5,1,0
BRDA:119,6,0,0
BRDA:119,6,1,0
BRDA:119,6,2,0
BRDA:119,6,3,0
BRDA:119,6,4,0
BRDA:119,6,5,0
BRDA:148,7,0,0
BRDA:148,7,1,0
BRDA:187,8,0,0
BRDA:187,8,1,0
BRDA:187,9,0,0
BRDA:187,9,1,0
BRDA:244,10,0,0
BRDA:244,10,1,0
BRDA:430,11,0,0
BRDA:430,11,1,0
BRF:28
BRH:0
end_of_record
TN:
SF:src\Components\Panel\AddPanelAvailibilityPANEL\single\PANELsingle.js
FN:13,PHsingle
FN:25,getDate
FN:43,(anonymous_2)
FN:50,(anonymous_3)
FN:63,(anonymous_4)
FN:71,(anonymous_5)
FN:72,(anonymous_6)
FN:79,(anonymous_7)
FN:128,(anonymous_8)
FN:138,(anonymous_9)
FN:139,(anonymous_10)
FN:153,(anonymous_11)
FN:154,(anonymous_12)
FN:157,(anonymous_13)
FN:163,fillValues
FN:194,(anonymous_15)
FN:201,(anonymous_16)
FN:360,(anonymous_17)
FNF:18
FNH:0
FNDA:0,PHsingle
FNDA:0,getDate
FNDA:0,(anonymous_2)
FNDA:0,(anonymous_3)
FNDA:0,(anonymous_4)
FNDA:0,(anonymous_5)
FNDA:0,(anonymous_6)
FNDA:0,(anonymous_7)
FNDA:0,(anonymous_8)
FNDA:0,(anonymous_9)
FNDA:0,(anonymous_10)
FNDA:0,(anonymous_11)
FNDA:0,(anonymous_12)
FNDA:0,(anonymous_13)
FNDA:0,fillValues
FNDA:0,(anonymous_15)
FNDA:0,(anonymous_16)
FNDA:0,(anonymous_17)
DA:11,1
DA:14,0
DA:15,0
DA:16,0
DA:17,0
DA:18,0
DA:19,0
DA:20,0
DA:22,0
DA:26,0
DA:27,0
DA:36,0
DA:43,0
DA:44,0
DA:45,0
DA:47,0
DA:50,0
DA:51,0
DA:55,0
DA:56,0
DA:57,0
DA:59,0
DA:63,0
DA:64,0
DA:71,0
DA:73,0
DA:74,0
DA:76,0
DA:79,0
DA:80,0
DA:81,0
DA:83,0
DA:84,0
DA:85,0
DA:86,0
DA:87,0
DA:90,0
DA:91,0
DA:92,0
DA:105,0
DA:112,0
DA:113,0
DA:115,0
DA:118,0
DA:119,0
DA:123,0
DA:127,0
DA:128,0
DA:129,0
DA:130,0
DA:131,0
DA:138,0
DA:140,0
DA:141,0
DA:142,0
DA:143,0
DA:147,0
DA:153,0
DA:155,0
DA:158,0
DA:164,0
DA:167,0
DA:195,0
DA:202,0
DA:360,0
LF:65
LH:1
BRDA:51,0,0,0
BRDA:51,0,1,0
BRDA:52,1,0,0
BRDA:52,1,1,0
BRDA:56,2,0,0
BRDA:56,2,1,0
BRDA:56,3,0,0
BRDA:56,3,1,0
BRDA:81,4,0,0
BRDA:81,4,1,0
BRDA:81,5,0,0
BRDA:81,5,1,0
BRDA:81,5,2,0
BRDA:81,5,3,0
BRDA:81,5,4,0
BRDA:113,6,0,0
BRDA:113,6,1,0
BRDA:113,7,0,0
BRDA:113,7,1,0
BRDA:129,8,0,0
BRDA:129,8,1,0
BRDA:189,9,0,0
BRDA:189,9,1,0
BRDA:210,10,0,0
BRDA:210,10,1,0
BRF:25
BRH:0
end_of_record
TN:
SF:src\Components\Panel\AddPanelAvailibilityPH\multiple\PHmultiple.js
FN:10,PHmultiple
FN:20,getDate
FN:26,(anonymous_2)
FN:38,(anonymous_3)
FN:39,(anonymous_4)
FN:63,(anonymous_5)
FN:71,(anonymous_6)
FN:86,(anonymous_7)
FN:91,(anonymous_8)
FN:101,(anonymous_9)
FN:113,(anonymous_10)
FN:117,(anonymous_11)
FN:120,(anonymous_12)
FN:124,(anonymous_13)
FN:132,(anonymous_14)
FN:142,(anonymous_15)
FN:200,(anonymous_16)
FN:206,(anonymous_17)
FN:206,(anonymous_18)
FN:211,(anonymous_19)
FN:218,fillValues
FN:235,(anonymous_21)
FN:236,(anonymous_22)
FN:306,(anonymous_23)
FN:309,(anonymous_24)
FN:410,(anonymous_25)
FN:421,(anonymous_26)
FN:482,(anonymous_27)
FNF:28
FNH:0
FNDA:0,PHmultiple
FNDA:0,getDate
FNDA:0,(anonymous_2)
FNDA:0,(anonymous_3)
FNDA:0,(anonymous_4)
FNDA:0,(anonymous_5)
FNDA:0,(anonymous_6)
FNDA:0,(anonymous_7)
FNDA:0,(anonymous_8)
FNDA:0,(anonymous_9)
FNDA:0,(anonymous_10)
FNDA:0,(anonymous_11)
FNDA:0,(anonymous_12)
FNDA:0,(anonymous_13)
FNDA:0,(anonymous_14)
FNDA:0,(anonymous_15)
FNDA:0,(anonymous_16)
FNDA:0,(anonymous_17)
FNDA:0,(anonymous_18)
FNDA:0,(anonymous_19)
FNDA:0,fillValues
FNDA:0,(anonymous_21)
FNDA:0,(anonymous_22)
FNDA:0,(anonymous_23)
FNDA:0,(anonymous_24)
FNDA:0,(anonymous_25)
FNDA:0,(anonymous_26)
FNDA:0,(anonymous_27)
DA:8,1
DA:12,0
DA:13,0
DA:14,0
DA:15,0
DA:16,0
DA:17,0
DA:18,0
DA:21,0
DA:22,0
DA:26,0
DA:28,0
DA:29,0
DA:30,0
DA:38,0
DA:40,0
DA:41,0
DA:42,0
DA:43,0
DA:44,0
DA:45,0
DA:55,0
DA:63,0
DA:64,0
DA:65,0
DA:68,0
DA:71,0
DA:72,0
DA:76,0
DA:78,0
DA:79,0
DA:82,0
DA:86,0
DA:87,0
DA:88,0
DA:89,0
DA:91,0
DA:92,0
DA:93,0
DA:94,0
DA:97,0
DA:98,0
DA:101,0
DA:102,0
DA:105,0
DA:106,0
DA:113,0
DA:114,0
DA:115,0
DA:116,0
DA:117,0
DA:118,0
DA:120,0
DA:121,0
DA:124,0
DA:125,0
DA:127,0
DA:128,0
DA:129,0
DA:130,0
DA:132,0
DA:133,0
DA:134,0
DA:135,0
DA:138,0
DA:139,0
DA:142,0
DA:143,0
DA:144,0
DA:145,0
DA:151,0
DA:152,0
DA:153,0
DA:154,0
DA:155,0
DA:173,0
DA:181,0
DA:183,0
DA:184,0
DA:185,0
DA:189,0
DA:194,0
DA:198,0
DA:200,0
DA:201,0
DA:206,0
DA:207,0
DA:208,0
DA:212,0
DA:219,0
DA:221,0
DA:227,0
DA:232,0
DA:233,0
DA:235,0
DA:236,0
DA:237,0
DA:240,0
DA:244,0
DA:283,0
DA:285,0
DA:306,0
DA:310,0
DA:411,0
DA:421,0
DA:482,0
LF:106
LH:1
BRDA:72,0,0,0
BRDA:72,0,1,0
BRDA:73,1,0,0
BRDA:73,1,1,0
BRDA:78,2,0,0
BRDA:78,2,1,0
BRDA:78,3,0,0
BRDA:78,3,1,0
BRDA:102,4,0,0
BRDA:102,4,1,0
BRDA:115,5,0,0
BRDA:115,5,1,0
BRDA:115,6,0,0
BRDA:115,6,1,0
BRDA:115,6,2,0
BRDA:115,6,3,0
BRDA:115,6,4,0
BRDA:115,6,5,0
BRDA:144,7,0,0
BRDA:144,7,1,0
BRDA:183,8,0,0
BRDA:183,8,1,0
BRDA:183,9,0,0
BRDA:183,9,1,0
BRDA:237,10,0,0
BRDA:237,10,1,0
BRDA:423,11,0,0
BRDA:423,11,1,0
BRF:28
BRH:0
end_of_record
TN:
SF:src\Components\Panel\EditPanel\EditPanel.js
FN:16,EditPanel
FN:42,refreshDataRole
FN:44,(anonymous_2)
FN:54,handleContact
FN:78,handleGrade
FN:90,deleteRow
FN:99,refreshDataIntType
FN:101,(anonymous_7)
FN:110,refreshDataActive
FN:112,(anonymous_9)
FN:121,addNewRole
FN:127,(anonymous_11)
FN:137,(anonymous_12)
FN:138,(anonymous_13)
FN:166,editpanel
FN:198,(anonymous_15)
FN:199,(anonymous_16)
FN:205,(anonymous_17)
FN:328,(anonymous_18)
FN:390,(anonymous_19)
FN:399,(anonymous_20)
FN:401,(anonymous_21)
FN:419,(anonymous_22)
FN:422,(anonymous_23)
FN:436,(anonymous_24)
FN:449,(anonymous_25)
FN:462,(anonymous_26)
FNF:27
FNH:0
FNDA:0,EditPanel
FNDA:0,refreshDataRole
FNDA:0,(anonymous_2)
FNDA:0,handleContact
FNDA:0,handleGrade
FNDA:0,deleteRow
FNDA:0,refreshDataIntType
FNDA:0,(anonymous_7)
FNDA:0,refreshDataActive
FNDA:0,(anonymous_9)
FNDA:0,addNewRole
FNDA:0,(anonymous_11)
FNDA:0,(anonymous_12)
FNDA:0,(anonymous_13)
FNDA:0,editpanel
FNDA:0,(anonymous_15)
FNDA:0,(anonymous_16)
FNDA:0,(anonymous_17)
FNDA:0,(anonymous_18)
FNDA:0,(anonymous_19)
FNDA:0,(anonymous_20)
FNDA:0,(anonymous_21)
FNDA:0,(anonymous_22)
FNDA:0,(anonymous_23)
FNDA:0,(anonymous_24)
FNDA:0,(anonymous_25)
FNDA:0,(anonymous_26)
DA:14,1
DA:18,0
DA:19,0
DA:20,0
DA:21,0
DA:22,0
DA:23,0
DA:24,0
DA:25,0
DA:26,0
DA:27,0
DA:29,0
DA:30,0
DA:31,0
DA:33,0
DA:36,0
DA:39,0
DA:43,0
DA:44,0
DA:45,0
DA:46,0
DA:49,0
DA:50,0
DA:55,0
DA:56,0
DA:57,0
DA:58,0
DA:62,0
DA:65,0
DA:66,0
DA:68,0
DA:69,0
DA:75,0
DA:79,0
DA:80,0
DA:81,0
DA:84,0
DA:85,0
DA:87,0
DA:91,0
DA:92,0
DA:93,0
DA:94,0
DA:95,0
DA:96,0
DA:100,0
DA:101,0
DA:102,0
DA:103,0
DA:105,0
DA:107,0
DA:111,0
DA:112,0
DA:113,0
DA:114,0
DA:117,0
DA:118,0
DA:122,0
DA:126,0
DA:127,0
DA:129,0
DA:130,0
DA:137,0
DA:139,0
DA:140,0
DA:141,0
DA:142,0
DA:143,0
DA:144,0
DA:146,0
DA:148,0
DA:150,0
DA:151,0
DA:154,0
DA:155,0
DA:156,0
DA:157,0
DA:158,0
DA:159,0
DA:162,0
DA:167,0
DA:168,0
DA:169,0
DA:170,0
DA:171,0
DA:173,0
DA:174,0
DA:175,0
DA:179,0
DA:190,0
DA:198,0
DA:200,0
DA:202,0
DA:203,0
DA:206,0
DA:211,0
DA:329,0
DA:391,0
DA:394,0
DA:399,0
DA:403,0
DA:419,0
DA:423,0
DA:436,0
DA:449,0
DA:462,0
LF:106
LH:1
BRDA:45,0,0,0
BRDA:45,0,1,0
BRDA:57,1,0,0
BRDA:57,1,1,0
BRDA:65,2,0,0
BRDA:65,2,1,0
BRDA:68,3,0,0
BRDA:68,3,1,0
BRDA:80,4,0,0
BRDA:80,4,1,0
BRDA:102,5,0,0
BRDA:102,5,1,0
BRDA:113,6,0,0
BRDA:113,6,1,0
BRDA:150,7,0,0
BRDA:150,7,1,0
BRDA:150,8,0,0
BRDA:150,8,1,0
BRDA:168,9,0,0
BRDA:168,9,1,0
BRDA:168,10,0,0
BRDA:168,10,1,0
BRDA:173,11,0,0
BRDA:173,11,1,0
BRDA:299,12,0,0
BRDA:299,12,1,0
BRDA:306,13,0,0
BRDA:306,13,1,0
BRDA:340,14,0,0
BRDA:340,14,1,0
BRDA:446,15,0,0
BRDA:446,15,1,0
BRDA:458,16,0,0
BRDA:458,16,1,0
BRF:34
BRH:0
end_of_record
TN:
SF:src\Components\Panel\PanelAvailibility\Pages\Panel\PanelAvailabilityList.js
FN:20,(anonymous_0)
FN:50,(anonymous_1)
FN:56,(anonymous_2)
FN:59,(anonymous_3)
FN:62,(anonymous_4)
FN:65,(anonymous_5)
FN:68,(anonymous_6)
FN:71,(anonymous_7)
FN:74,(anonymous_8)
FN:77,(anonymous_9)
FN:80,(anonymous_10)
FN:83,(anonymous_11)
FN:86,(anonymous_12)
FN:89,(anonymous_13)
FN:92,(anonymous_14)
FN:96,(anonymous_15)
FN:99,(anonymous_16)
FN:102,(anonymous_17)
FN:105,(anonymous_18)
FN:109,(anonymous_19)
FN:124,(anonymous_20)
FN:128,(anonymous_21)
FN:132,(anonymous_22)
FN:136,(anonymous_23)
FN:140,(anonymous_24)
FN:144,(anonymous_25)
FN:148,(anonymous_26)
FN:152,(anonymous_27)
FN:156,(anonymous_28)
FN:165,(anonymous_29)
FN:172,(anonymous_30)
FN:178,(anonymous_31)
FN:194,(anonymous_32)
FN:198,(anonymous_33)
FN:205,(anonymous_34)
FN:209,(anonymous_35)
FN:253,(anonymous_36)
FN:264,(anonymous_37)
FN:275,(anonymous_38)
FN:286,gotoMult
FN:321,(anonymous_40)
FNF:41
FNH:0
FNDA:0,(anonymous_0)
FNDA:0,(anonymous_1)
FNDA:0,(anonymous_2)
FNDA:0,(anonymous_3)
FNDA:0,(anonymous_4)
FNDA:0,(anonymous_5)
FNDA:0,(anonymous_6)
FNDA:0,(anonymous_7)
FNDA:0,(anonymous_8)
FNDA:0,(anonymous_9)
FNDA:0,(anonymous_10)
FNDA:0,(anonymous_11)
FNDA:0,(anonymous_12)
FNDA:0,(anonymous_13)
FNDA:0,(anonymous_14)
FNDA:0,(anonymous_15)
FNDA:0,(anonymous_16)
FNDA:0,(anonymous_17)
FNDA:0,(anonymous_18)
FNDA:0,(anonymous_19)
FNDA:0,(anonymous_20)
FNDA:0,(anonymous_21)
FNDA:0,(anonymous_22)
FNDA:0,(anonymous_23)
FNDA:0,(anonymous_24)
FNDA:0,(anonymous_25)
FNDA:0,(anonymous_26)
FNDA:0,(anonymous_27)
FNDA:0,(anonymous_28)
FNDA:0,(anonymous_29)
FNDA:0,(anonymous_30)
FNDA:0,(anonymous_31)
FNDA:0,(anonymous_32)
FNDA:0,(anonymous_33)
FNDA:0,(anonymous_34)
FNDA:0,(anonymous_35)
FNDA:0,(anonymous_36)
FNDA:0,(anonymous_37)
FNDA:0,(anonymous_38)
FNDA:0,gotoMult
FNDA:0,(anonymous_40)
DA:20,1
DA:48,0
DA:49,0
DA:50,0
DA:51,0
DA:54,0
DA:55,0
DA:56,0
DA:58,0
DA:59,0
DA:61,0
DA:62,0
DA:64,0
DA:65,0
DA:67,0
DA:68,0
DA:70,0
DA:71,0
DA:73,0
DA:74,0
DA:76,0
DA:77,0
DA:79,0
DA:80,0
DA:82,0
DA:83,0
DA:85,0
DA:86,0
DA:88,0
DA:89,0
DA:91,0
DA:93,0
DA:95,0
DA:96,0
DA:98,0
DA:99,0
DA:101,0
DA:102,0
DA:104,0
DA:105,0
DA:107,0
DA:108,0
DA:109,0
DA:110,0
DA:111,0
DA:112,0
DA:116,0
DA:117,0
DA:118,0
DA:120,0
DA:124,0
DA:125,0
DA:128,0
DA:129,0
DA:132,0
DA:133,0
DA:136,0
DA:137,0
DA:140,0
DA:141,0
DA:144,0
DA:145,0
DA:148,0
DA:149,0
DA:152,0
DA:153,0
DA:156,0
DA:157,0
DA:158,0
DA:159,0
DA:160,0
DA:161,0
DA:162,0
DA:163,0
DA:165,0
DA:166,0
DA:167,0
DA:168,0
DA:172,0
DA:173,0
DA:174,0
DA:175,0
DA:178,0
DA:179,0
DA:194,0
DA:195,0
DA:198,0
DA:199,0
DA:200,0
DA:202,0
DA:205,0
DA:206,0
DA:209,0
DA:210,0
DA:212,0
DA:213,0
DA:215,0
DA:217,0
DA:226,0
DA:228,0
DA:230,0
DA:252,0
DA:254,0
DA:263,0
DA:265,0
DA:274,0
DA:276,0
DA:287,0
DA:288,0
DA:289,0
DA:290,0
DA:293,0
DA:321,0
LF:113
LH:1
BRDA:166,0,0,0
BRDA:166,0,1,0
BRDA:199,1,0,0
BRDA:199,1,1,0
BRDA:212,2,0,0
BRDA:212,2,1,0
BRDA:217,3,0,0
BRDA:217,3,1,0
BRDA:218,4,0,0
BRDA:218,4,1,0
BRDA:218,4,2,0
BRDA:218,4,3,0
BRDA:218,4,4,0
BRDA:218,4,5,0
BRDA:218,4,6,0
BRDA:288,5,0,0
BRDA:288,5,1,0
BRDA:299,6,0,0
BRDA:299,6,1,0
BRDA:453,7,0,0
BRDA:453,7,1,0
BRF:21
BRH:0
end_of_record
TN:
SF:src\Components\Panel\updatePanel\updatePanel.js
FN:8,UpdatePanel
FN:22,(anonymous_1)
FN:33,handleUpdate
FN:49,(anonymous_3)
FN:50,(anonymous_4)
FN:54,(anonymous_5)
FN:198,(anonymous_6)
FN:201,(anonymous_7)
FNF:8
FNH:0
FNDA:0,UpdatePanel
FNDA:0,(anonymous_1)
FNDA:0,handleUpdate
FNDA:0,(anonymous_3)
FNDA:0,(anonymous_4)
FNDA:0,(anonymous_5)
FNDA:0,(anonymous_6)
FNDA:0,(anonymous_7)
DA:5,1
DA:11,0
DA:12,0
DA:13,0
DA:14,0
DA:15,0
DA:16,0
DA:17,0
DA:18,0
DA:20,0
DA:22,0
DA:23,0
DA:24,0
DA:25,0
DA:26,0
DA:27,0
DA:28,0
DA:29,0
DA:34,0
DA:35,0
DA:49,0
DA:51,0
DA:52,0
DA:55,0
DA:56,0
DA:60,0
DA:198,0
DA:201,0
LF:28
LH:1
BRF:0
BRH:0
end_of_record
TN:
SF:src\Components\SearchList\Search.js
FN:4,Search
FN:14,(anonymous_1)
FN:20,(anonymous_2)
FN:26,(anonymous_3)
FNF:4
FNH:1
FNDA:3,Search
FNDA:0,(anonymous_1)
FNDA:0,(anonymous_2)
FNDA:0,(anonymous_3)
DA:9,3
DA:10,3
DA:11,3
DA:12,3
DA:14,3
DA:15,0
DA:16,0
DA:17,0
DA:20,3
DA:21,0
DA:22,0
DA:23,0
DA:26,3
DA:27,0
DA:29,0
DA:30,0
DA:32,0
DA:33,0
DA:37,0
DA:38,0
DA:40,0
DA:41,0
DA:45,0
DA:46,0
DA:48,0
DA:52,0
DA:53,0
DA:57,0
DA:58,0
DA:59,0
DA:65,0
DA:67,0
DA:68,0
DA:70,0
DA:72,0
DA:76,0
DA:79,3
LF:37
LH:8
BRDA:32,0,0,0
BRDA:32,0,1,0
BRDA:32,1,0,0
BRDA:32,1,1,0
BRDA:40,2,0,0
BRDA:40,2,1,0
BRDA:40,3,0,0
BRDA:40,3,1,0
BRDA:57,4,0,0
BRDA:57,4,1,0
BRDA:57,5,0,0
BRDA:57,5,1,0
BRDA:94,6,0,0
BRDA:94,6,1,3
BRDA:94,7,0,3
BRDA:94,7,1,3
BRDA:99,8,0,3
BRDA:99,8,1,3
BRDA:99,8,2,0
BRDA:108,9,0,0
BRDA:108,9,1,3
BRDA:108,10,0,3
BRDA:108,10,1,3
BRDA:118,11,0,3
BRDA:118,11,1,0
BRDA:124,12,0,3
BRDA:124,12,1,0
BRDA:124,12,2,0
BRDA:145,13,0,0
BRDA:145,13,1,3
BRDA:145,14,0,3
BRDA:145,14,1,3
BRDA:150,15,0,3
BRDA:150,15,1,3
BRDA:150,15,2,0
BRDA:161,16,0,3
BRDA:161,16,1,0
BRF:37
BRH:16
end_of_record
TN:
SF:src\Components\SearchList\SingleList.js
FN:5,SingleList
FN:31,(anonymous_1)
FN:64,(anonymous_2)
FN:74,(anonymous_3)
FN:78,(anonymous_4)
FN:114,(anonymous_5)
FN:130,(anonymous_6)
FNF:7
FNH:2
FNDA:1,SingleList
FNDA:1,(anonymous_1)
FNDA:0,(anonymous_2)
FNDA:0,(anonymous_3)
FNDA:0,(anonymous_4)
FNDA:0,(anonymous_5)
FNDA:0,(anonymous_6)
DA:12,1
DA:13,1
DA:14,1
DA:15,1
DA:16,1
DA:17,1
DA:18,1
DA:19,1
DA:20,1
DA:31,1
DA:32,1
DA:34,0
DA:35,0
DA:36,0
DA:37,0
DA:39,0
DA:40,0
DA:41,0
DA:42,0
DA:44,0
DA:45,0
DA:46,0
DA:47,0
DA:49,0
DA:50,0
DA:51,0
DA:52,0
DA:54,0
DA:55,0
DA:56,0
DA:57,0
DA:60,1
DA:64,1
DA:65,0
DA:69,0
DA:71,0
DA:74,1
DA:75,0
DA:78,1
DA:79,0
DA:80,0
DA:92,0
DA:93,0
DA:95,0
DA:96,0
DA:97,0
DA:100,0
DA:101,0
DA:102,0
DA:103,0
DA:106,0
DA:107,0
DA:110,0
DA:113,1
DA:114,1
DA:115,0
DA:116,0
DA:118,0
DA:119,0
DA:120,0
DA:122,0
DA:130,1
DA:131,0
DA:134,1
DA:135,1
LF:65
LH:20
BRDA:32,0,0,0
BRDA:32,0,1,0
BRDA:32,0,2,0
BRDA:32,0,3,0
BRDA:32,0,4,0
BRDA:32,0,5,1
BRDA:95,1,0,0
BRDA:95,1,1,0
BRDA:100,2,0,0
BRDA:100,2,1,0
BRDA:106,3,0,0
BRDA:106,3,1,0
BRDA:115,4,0,0
BRDA:115,4,1,0
BRDA:119,5,0,0
BRDA:119,5,1,0
BRDA:124,6,0,0
BRDA:124,6,1,0
BRDA:138,7,0,1
BRDA:138,7,1,0
BRDA:159,8,0,1
BRDA:159,8,1,1
BRDA:161,9,0,1
BRDA:161,9,1,0
BRF:24
BRH:5
end_of_record
