{"C:\\Users\\VV75156\\Desktop\\FINAL\\FrontEnd\\src\\App.js": {"path":"C:\\Users\\VV75156\\Desktop\\FINAL\\FrontEnd\\src\\App.js","statementMap":{"0":{"start":{"line":22,"column":12},"end":{"line":36,"column":1}},"1":{"start":{"line":23,"column":2},"end":{"line":35,"column":4}}},"fnMap":{"0":{"name":"(anonymous_0)","decl":{"start":{"line":22,"column":12},"end":{"line":22,"column":13}},"loc":{"start":{"line":22,"column":18},"end":{"line":36,"column":1}},"line":22}},"branchMap":{},"s":{"0":1,"1":0},"f":{"0":0},"b":{},"_coverageSchema":"1a1c01bbd47fc00a2c39e90264f33305004495a9","hash":"37eee2f8874f0bf57b75258b51ad79539771734b"}
,"C:\\Users\\VV75156\\Desktop\\FINAL\\FrontEnd\\src\\components\\navbar.js": {"path":"C:\\Users\\VV75156\\Desktop\\FINAL\\FrontEnd\\src\\components\\navbar.js","statementMap":{"0":{"start":{"line":5,"column":15},"end":{"line":50,"column":1}},"1":{"start":{"line":6,"column":2},"end":{"line":49,"column":4}}},"fnMap":{"0":{"name":"(anonymous_0)","decl":{"start":{"line":5,"column":15},"end":{"line":5,"column":16}},"loc":{"start":{"line":5,"column":21},"end":{"line":50,"column":1}},"line":5}},"branchMap":{},"s":{"0":5,"1":44},"f":{"0":44},"b":{},"_coverageSchema":"1a1c01bbd47fc00a2c39e90264f33305004495a9","hash":"2fd9f7ddbdfda950960367d6b499b12b142332e6"}
,"C:\\Users\\VV75156\\Desktop\\FINAL\\FrontEnd\\src\\pages\\AddUser.js": {"path":"C:\\Users\\VV75156\\Desktop\\FINAL\\FrontEnd\\src\\pages\\AddUser.js","statementMap":{"0":{"start":{"line":9,"column":34},"end":{"line":9,"column":46}},"1":{"start":{"line":10,"column":30},"end":{"line":10,"column":42}},"2":{"start":{"line":11,"column":28},"end":{"line":11,"column":40}},"3":{"start":{"line":12,"column":28},"end":{"line":12,"column":40}},"4":{"start":{"line":13,"column":34},"end":{"line":13,"column":49}},"5":{"start":{"line":14,"column":19},"end":{"line":14,"column":32}},"6":{"start":{"line":15,"column":23},"end":{"line":23,"column":3}},"7":{"start":{"line":16,"column":4},"end":{"line":16,"column":23}},"8":{"start":{"line":17,"column":4},"end":{"line":17,"column":20}},"9":{"start":{"line":18,"column":4},"end":{"line":18,"column":17}},"10":{"start":{"line":19,"column":4},"end":{"line":19,"column":18}},"11":{"start":{"line":20,"column":4},"end":{"line":20,"column":17}},"12":{"start":{"line":21,"column":4},"end":{"line":21,"column":23}},"13":{"start":{"line":22,"column":4},"end":{"line":22,"column":24}},"14":{"start":{"line":25,"column":23},"end":{"line":70,"column":3}},"15":{"start":{"line":26,"column":4},"end":{"line":26,"column":23}},"16":{"start":{"line":27,"column":4},"end":{"line":27,"column":20}},"17":{"start":{"line":28,"column":4},"end":{"line":28,"column":17}},"18":{"start":{"line":29,"column":4},"end":{"line":29,"column":18}},"19":{"start":{"line":30,"column":4},"end":{"line":30,"column":17}},"20":{"start":{"line":31,"column":4},"end":{"line":31,"column":23}},"21":{"start":{"line":32,"column":17},"end":{"line":38,"column":5}},"22":{"start":{"line":39,"column":4},"end":{"line":39,"column":22}},"23":{"start":{"line":40,"column":19},"end":{"line":52,"column":6}},"24":{"start":{"line":53,"column":17},"end":{"line":53,"column":36}},"25":{"start":{"line":54,"column":4},"end":{"line":54,"column":20}},"26":{"start":{"line":55,"column":4},"end":{"line":55,"column":17}},"27":{"start":{"line":56,"column":4},"end":{"line":56,"column":18}},"28":{"start":{"line":57,"column":4},"end":{"line":57,"column":17}},"29":{"start":{"line":58,"column":4},"end":{"line":58,"column":23}},"30":{"start":{"line":59,"column":4},"end":{"line":59,"column":22}},"31":{"start":{"line":60,"column":4},"end":{"line":62,"column":5}},"32":{"start":{"line":61,"column":6},"end":{"line":61,"column":52}},"33":{"start":{"line":63,"column":4},"end":{"line":65,"column":5}},"34":{"start":{"line":64,"column":6},"end":{"line":64,"column":43}},"35":{"start":{"line":66,"column":4},"end":{"line":69,"column":5}},"36":{"start":{"line":67,"column":6},"end":{"line":67,"column":51}},"37":{"start":{"line":68,"column":6},"end":{"line":68,"column":26}},"38":{"start":{"line":72,"column":2},"end":{"line":192,"column":4}},"39":{"start":{"line":95,"column":33},"end":{"line":95,"column":58}},"40":{"start":{"line":116,"column":33},"end":{"line":116,"column":60}},"41":{"start":{"line":136,"column":33},"end":{"line":136,"column":57}},"42":{"start":{"line":152,"column":39},"end":{"line":152,"column":63}},"43":{"start":{"line":171,"column":31},"end":{"line":171,"column":60}}},"fnMap":{"0":{"name":"AddUser","decl":{"start":{"line":8,"column":9},"end":{"line":8,"column":16}},"loc":{"start":{"line":8,"column":19},"end":{"line":193,"column":1}},"line":8},"1":{"name":"(anonymous_1)","decl":{"start":{"line":15,"column":23},"end":{"line":15,"column":24}},"loc":{"start":{"line":15,"column":30},"end":{"line":23,"column":3}},"line":15},"2":{"name":"(anonymous_2)","decl":{"start":{"line":25,"column":23},"end":{"line":25,"column":24}},"loc":{"start":{"line":25,"column":36},"end":{"line":70,"column":3}},"line":25},"3":{"name":"(anonymous_3)","decl":{"start":{"line":95,"column":26},"end":{"line":95,"column":27}},"loc":{"start":{"line":95,"column":33},"end":{"line":95,"column":58}},"line":95},"4":{"name":"(anonymous_4)","decl":{"start":{"line":116,"column":26},"end":{"line":116,"column":27}},"loc":{"start":{"line":116,"column":33},"end":{"line":116,"column":60}},"line":116},"5":{"name":"(anonymous_5)","decl":{"start":{"line":136,"column":26},"end":{"line":136,"column":27}},"loc":{"start":{"line":136,"column":33},"end":{"line":136,"column":57}},"line":136},"6":{"name":"(anonymous_6)","decl":{"start":{"line":152,"column":32},"end":{"line":152,"column":33}},"loc":{"start":{"line":152,"column":39},"end":{"line":152,"column":63}},"line":152},"7":{"name":"(anonymous_7)","decl":{"start":{"line":171,"column":24},"end":{"line":171,"column":25}},"loc":{"start":{"line":171,"column":31},"end":{"line":171,"column":60}},"line":171}},"branchMap":{"0":{"loc":{"start":{"line":60,"column":4},"end":{"line":62,"column":5}},"type":"if","locations":[{"start":{"line":60,"column":4},"end":{"line":62,"column":5}},{"start":{},"end":{}}],"line":60},"1":{"loc":{"start":{"line":63,"column":4},"end":{"line":65,"column":5}},"type":"if","locations":[{"start":{"line":63,"column":4},"end":{"line":65,"column":5}},{"start":{},"end":{}}],"line":63},"2":{"loc":{"start":{"line":66,"column":4},"end":{"line":69,"column":5}},"type":"if","locations":[{"start":{"line":66,"column":4},"end":{"line":69,"column":5}},{"start":{},"end":{}}],"line":66}},"s":{"0":22,"1":22,"2":22,"3":22,"4":22,"5":22,"6":22,"7":2,"8":2,"9":2,"10":2,"11":2,"12":2,"13":2,"14":22,"15":1,"16":1,"17":1,"18":1,"19":1,"20":1,"21":1,"22":1,"23":1,"24":0,"25":0,"26":0,"27":0,"28":0,"29":0,"30":0,"31":0,"32":0,"33":0,"34":0,"35":0,"36":0,"37":0,"38":22,"39":0,"40":0,"41":0,"42":0,"43":0},"f":{"0":22,"1":2,"2":1,"3":0,"4":0,"5":0,"6":0,"7":0},"b":{"0":[0,0],"1":[0,0],"2":[0,0]},"_coverageSchema":"1a1c01bbd47fc00a2c39e90264f33305004495a9","hash":"8930d1f2e8e5ebb32e37fa21d0673a842528cd1b"}
,"C:\\Users\\VV75156\\Desktop\\FINAL\\FrontEnd\\src\\pages\\SearchList.js": {"path":"C:\\Users\\VV75156\\Desktop\\FINAL\\FrontEnd\\src\\pages\\SearchList.js","statementMap":{"0":{"start":{"line":8,"column":4},"end":{"line":40,"column":6}},"1":{"start":{"line":29,"column":32},"end":{"line":29,"column":90}}},"fnMap":{"0":{"name":"SearchList","decl":{"start":{"line":7,"column":9},"end":{"line":7,"column":19}},"loc":{"start":{"line":7,"column":102},"end":{"line":41,"column":1}},"line":7},"1":{"name":"(anonymous_1)","decl":{"start":{"line":28,"column":48},"end":{"line":28,"column":49}},"loc":{"start":{"line":29,"column":32},"end":{"line":29,"column":90}},"line":29}},"branchMap":{"0":{"loc":{"start":{"line":10,"column":13},"end":{"line":38,"column":13}},"type":"cond-expr","locations":[{"start":{"line":11,"column":16},"end":{"line":33,"column":28}},{"start":{"line":35,"column":16},"end":{"line":37,"column":21}}],"line":10},"1":{"loc":{"start":{"line":14,"column":30},"end":{"line":14,"column":79}},"type":"cond-expr","locations":[{"start":{"line":14,"column":41},"end":{"line":14,"column":75}},{"start":{"line":14,"column":78},"end":{"line":14,"column":79}}],"line":14}},"s":{"0":2,"1":0},"f":{"0":2,"1":0},"b":{"0":[0,2],"1":[0,0]},"_coverageSchema":"1a1c01bbd47fc00a2c39e90264f33305004495a9","hash":"1d3d53956f48ca04074190ac7af7e5f54e61921a"}
,"C:\\Users\\VV75156\\Desktop\\FINAL\\FrontEnd\\src\\pages\\SingleList.js": {"path":"C:\\Users\\VV75156\\Desktop\\FINAL\\FrontEnd\\src\\pages\\SingleList.js","statementMap":{"0":{"start":{"line":8,"column":32},"end":{"line":8,"column":42}},"1":{"start":{"line":9,"column":36},"end":{"line":9,"column":46}},"2":{"start":{"line":10,"column":30},"end":{"line":10,"column":40}},"3":{"start":{"line":11,"column":30},"end":{"line":11,"column":40}},"4":{"start":{"line":12,"column":36},"end":{"line":12,"column":58}},"5":{"start":{"line":13,"column":31},"end":{"line":40,"column":5}},"6":{"start":{"line":14,"column":31},"end":{"line":29,"column":9}},"7":{"start":{"line":31,"column":8},"end":{"line":33,"column":9}},"8":{"start":{"line":32,"column":12},"end":{"line":32,"column":35}},"9":{"start":{"line":35,"column":8},"end":{"line":37,"column":9}},"10":{"start":{"line":36,"column":12},"end":{"line":36,"column":27}},"11":{"start":{"line":38,"column":23},"end":{"line":38,"column":50}},"12":{"start":{"line":39,"column":8},"end":{"line":39,"column":28}},"13":{"start":{"line":42,"column":4},"end":{"line":49,"column":15}},"14":{"start":{"line":43,"column":8},"end":{"line":43,"column":33}},"15":{"start":{"line":44,"column":8},"end":{"line":44,"column":37}},"16":{"start":{"line":45,"column":8},"end":{"line":45,"column":30}},"17":{"start":{"line":46,"column":8},"end":{"line":46,"column":30}},"18":{"start":{"line":47,"column":8},"end":{"line":47,"column":34}},"19":{"start":{"line":48,"column":8},"end":{"line":48,"column":26}},"20":{"start":{"line":50,"column":4},"end":{"line":76,"column":6}}},"fnMap":{"0":{"name":"SingleList","decl":{"start":{"line":7,"column":9},"end":{"line":7,"column":19}},"loc":{"start":{"line":7,"column":36},"end":{"line":77,"column":1}},"line":7},"1":{"name":"(anonymous_1)","decl":{"start":{"line":13,"column":31},"end":{"line":13,"column":32}},"loc":{"start":{"line":13,"column":44},"end":{"line":40,"column":5}},"line":13},"2":{"name":"(anonymous_2)","decl":{"start":{"line":42,"column":14},"end":{"line":42,"column":15}},"loc":{"start":{"line":42,"column":20},"end":{"line":49,"column":5}},"line":42}},"branchMap":{"0":{"loc":{"start":{"line":31,"column":8},"end":{"line":33,"column":9}},"type":"if","locations":[{"start":{"line":31,"column":8},"end":{"line":33,"column":9}},{"start":{},"end":{}}],"line":31},"1":{"loc":{"start":{"line":35,"column":8},"end":{"line":37,"column":9}},"type":"if","locations":[{"start":{"line":35,"column":8},"end":{"line":37,"column":9}},{"start":{},"end":{}}],"line":35}},"s":{"0":1,"1":1,"2":1,"3":1,"4":1,"5":1,"6":0,"7":0,"8":0,"9":0,"10":0,"11":0,"12":0,"13":1,"14":1,"15":1,"16":1,"17":1,"18":1,"19":1,"20":1},"f":{"0":1,"1":0,"2":1},"b":{"0":[0,0],"1":[0,0]},"_coverageSchema":"1a1c01bbd47fc00a2c39e90264f33305004495a9","hash":"fee7d4c48a8ff5e55e22aa146df53f34fd5f7446"}
,"C:\\Users\\VV75156\\Desktop\\FINAL\\FrontEnd\\src\\pages\\UpdateUser.js": {"path":"C:\\Users\\VV75156\\Desktop\\FINAL\\FrontEnd\\src\\pages\\UpdateUser.js","statementMap":{"0":{"start":{"line":8,"column":17},"end":{"line":8,"column":28}},"1":{"start":{"line":9,"column":20},"end":{"line":9,"column":44}},"2":{"start":{"line":10,"column":18},"end":{"line":10,"column":42}},"3":{"start":{"line":11,"column":16},"end":{"line":11,"column":40}},"4":{"start":{"line":12,"column":16},"end":{"line":12,"column":40}},"5":{"start":{"line":13,"column":19},"end":{"line":13,"column":43}},"6":{"start":{"line":14,"column":19},"end":{"line":14,"column":32}},"7":{"start":{"line":17,"column":4},"end":{"line":17,"column":23}},"8":{"start":{"line":18,"column":17},"end":{"line":30,"column":6}},"9":{"start":{"line":31,"column":4},"end":{"line":33,"column":5}},"10":{"start":{"line":32,"column":6},"end":{"line":32,"column":52}},"11":{"start":{"line":34,"column":4},"end":{"line":36,"column":5}},"12":{"start":{"line":35,"column":6},"end":{"line":35,"column":43}},"13":{"start":{"line":37,"column":4},"end":{"line":40,"column":5}},"14":{"start":{"line":38,"column":6},"end":{"line":38,"column":53}},"15":{"start":{"line":39,"column":6},"end":{"line":39,"column":26}},"16":{"start":{"line":42,"column":2},"end":{"line":60,"column":9}},"17":{"start":{"line":43,"column":4},"end":{"line":59,"column":8}},"18":{"start":{"line":48,"column":19},"end":{"line":48,"column":29}},"19":{"start":{"line":50,"column":8},"end":{"line":53,"column":9}},"20":{"start":{"line":51,"column":10},"end":{"line":51,"column":27}},"21":{"start":{"line":52,"column":10},"end":{"line":52,"column":17}},"22":{"start":{"line":54,"column":21},"end":{"line":54,"column":38}},"23":{"start":{"line":55,"column":8},"end":{"line":55,"column":49}},"24":{"start":{"line":56,"column":8},"end":{"line":56,"column":41}},"25":{"start":{"line":57,"column":8},"end":{"line":57,"column":41}},"26":{"start":{"line":58,"column":8},"end":{"line":58,"column":47}},"27":{"start":{"line":63,"column":4},"end":{"line":63,"column":23}},"28":{"start":{"line":64,"column":4},"end":{"line":64,"column":24}},"29":{"start":{"line":67,"column":2},"end":{"line":185,"column":4}}},"fnMap":{"0":{"name":"UpdateUser","decl":{"start":{"line":7,"column":9},"end":{"line":7,"column":19}},"loc":{"start":{"line":7,"column":22},"end":{"line":186,"column":1}},"line":7},"1":{"name":"update","decl":{"start":{"line":16,"column":17},"end":{"line":16,"column":23}},"loc":{"start":{"line":16,"column":27},"end":{"line":41,"column":3}},"line":16},"2":{"name":"(anonymous_2)","decl":{"start":{"line":42,"column":12},"end":{"line":42,"column":13}},"loc":{"start":{"line":42,"column":18},"end":{"line":60,"column":3}},"line":42},"3":{"name":"(anonymous_3)","decl":{"start":{"line":48,"column":12},"end":{"line":48,"column":13}},"loc":{"start":{"line":48,"column":19},"end":{"line":48,"column":29}},"line":48},"4":{"name":"(anonymous_4)","decl":{"start":{"line":49,"column":12},"end":{"line":49,"column":13}},"loc":{"start":{"line":49,"column":27},"end":{"line":59,"column":7}},"line":49},"5":{"name":"handleCancel","decl":{"start":{"line":62,"column":11},"end":{"line":62,"column":23}},"loc":{"start":{"line":62,"column":27},"end":{"line":65,"column":3}},"line":62}},"branchMap":{"0":{"loc":{"start":{"line":31,"column":4},"end":{"line":33,"column":5}},"type":"if","locations":[{"start":{"line":31,"column":4},"end":{"line":33,"column":5}},{"start":{},"end":{}}],"line":31},"1":{"loc":{"start":{"line":34,"column":4},"end":{"line":36,"column":5}},"type":"if","locations":[{"start":{"line":34,"column":4},"end":{"line":36,"column":5}},{"start":{},"end":{}}],"line":34},"2":{"loc":{"start":{"line":37,"column":4},"end":{"line":40,"column":5}},"type":"if","locations":[{"start":{"line":37,"column":4},"end":{"line":40,"column":5}},{"start":{},"end":{}}],"line":37},"3":{"loc":{"start":{"line":50,"column":8},"end":{"line":53,"column":9}},"type":"if","locations":[{"start":{"line":50,"column":8},"end":{"line":53,"column":9}},{"start":{},"end":{}}],"line":50}},"s":{"0":9,"1":8,"2":8,"3":8,"4":8,"5":8,"6":8,"7":1,"8":1,"9":1,"10":0,"11":0,"12":0,"13":0,"14":0,"15":0,"16":8,"17":7,"18":0,"19":0,"20":0,"21":0,"22":0,"23":0,"24":0,"25":0,"26":0,"27":1,"28":1,"29":8},"f":{"0":9,"1":1,"2":7,"3":0,"4":0,"5":1},"b":{"0":[0,0],"1":[0,0],"2":[0,0],"3":[0,0]},"_coverageSchema":"1a1c01bbd47fc00a2c39e90264f33305004495a9","hash":"9dcecbeb9c54f67ff5279fae81942f47bb847636"}
,"C:\\Users\\VV75156\\Desktop\\FINAL\\FrontEnd\\src\\pages\\UserList.js": {"path":"C:\\Users\\VV75156\\Desktop\\FINAL\\FrontEnd\\src\\pages\\UserList.js","statementMap":{"0":{"start":{"line":11,"column":17},"end":{"line":11,"column":30}},"1":{"start":{"line":12,"column":19},"end":{"line":12,"column":43}},"2":{"start":{"line":13,"column":17},"end":{"line":13,"column":41}},"3":{"start":{"line":14,"column":16},"end":{"line":14,"column":40}},"4":{"start":{"line":15,"column":16},"end":{"line":15,"column":40}},"5":{"start":{"line":16,"column":19},"end":{"line":16,"column":43}},"6":{"start":{"line":17,"column":34},"end":{"line":17,"column":46}},"7":{"start":{"line":18,"column":26},"end":{"line":18,"column":37}},"8":{"start":{"line":19,"column":26},"end":{"line":19,"column":41}},"9":{"start":{"line":21,"column":23},"end":{"line":24,"column":3}},"10":{"start":{"line":22,"column":4},"end":{"line":22,"column":23}},"11":{"start":{"line":23,"column":4},"end":{"line":23,"column":24}},"12":{"start":{"line":26,"column":17},"end":{"line":29,"column":3}},"13":{"start":{"line":27,"column":4},"end":{"line":27,"column":22}},"14":{"start":{"line":28,"column":4},"end":{"line":28,"column":36}},"15":{"start":{"line":30,"column":21},"end":{"line":36,"column":3}},"16":{"start":{"line":31,"column":4},"end":{"line":33,"column":5}},"17":{"start":{"line":32,"column":6},"end":{"line":32,"column":13}},"18":{"start":{"line":34,"column":4},"end":{"line":34,"column":22}},"19":{"start":{"line":35,"column":4},"end":{"line":35,"column":36}},"20":{"start":{"line":38,"column":4},"end":{"line":38,"column":23}},"21":{"start":{"line":39,"column":4},"end":{"line":39,"column":18}},"22":{"start":{"line":40,"column":20},"end":{"line":52,"column":6}},"23":{"start":{"line":53,"column":17},"end":{"line":53,"column":37}},"24":{"start":{"line":54,"column":4},"end":{"line":54,"column":22}},"25":{"start":{"line":57,"column":2},"end":{"line":186,"column":4}}},"fnMap":{"0":{"name":"UserList","decl":{"start":{"line":10,"column":9},"end":{"line":10,"column":17}},"loc":{"start":{"line":10,"column":20},"end":{"line":187,"column":1}},"line":10},"1":{"name":"(anonymous_1)","decl":{"start":{"line":21,"column":23},"end":{"line":21,"column":24}},"loc":{"start":{"line":21,"column":30},"end":{"line":24,"column":3}},"line":21},"2":{"name":"(anonymous_2)","decl":{"start":{"line":26,"column":17},"end":{"line":26,"column":18}},"loc":{"start":{"line":26,"column":23},"end":{"line":29,"column":3}},"line":26},"3":{"name":"(anonymous_3)","decl":{"start":{"line":28,"column":27},"end":{"line":28,"column":28}},"loc":{"start":{"line":28,"column":31},"end":{"line":28,"column":33}},"line":28},"4":{"name":"(anonymous_4)","decl":{"start":{"line":30,"column":21},"end":{"line":30,"column":22}},"loc":{"start":{"line":30,"column":27},"end":{"line":36,"column":3}},"line":30},"5":{"name":"(anonymous_5)","decl":{"start":{"line":35,"column":27},"end":{"line":35,"column":28}},"loc":{"start":{"line":35,"column":31},"end":{"line":35,"column":33}},"line":35},"6":{"name":"search","decl":{"start":{"line":37,"column":17},"end":{"line":37,"column":23}},"loc":{"start":{"line":37,"column":27},"end":{"line":55,"column":3}},"line":37}},"branchMap":{"0":{"loc":{"start":{"line":31,"column":4},"end":{"line":33,"column":5}},"type":"if","locations":[{"start":{"line":31,"column":4},"end":{"line":33,"column":5}},{"start":{},"end":{}}],"line":31},"1":{"loc":{"start":{"line":171,"column":7},"end":{"line":183,"column":7}},"type":"binary-expr","locations":[{"start":{"line":171,"column":7},"end":{"line":171,"column":11}},{"start":{"line":172,"column":8},"end":{"line":182,"column":10}}],"line":171}},"s":{"0":15,"1":13,"2":13,"3":13,"4":13,"5":13,"6":13,"7":13,"8":13,"9":13,"10":2,"11":2,"12":13,"13":0,"14":0,"15":13,"16":0,"17":0,"18":0,"19":0,"20":1,"21":1,"22":1,"23":0,"24":0,"25":13},"f":{"0":15,"1":2,"2":0,"3":0,"4":0,"5":0,"6":1},"b":{"0":[0,0],"1":[13,1]},"_coverageSchema":"1a1c01bbd47fc00a2c39e90264f33305004495a9","hash":"a6eed22c53bd254b5bd32e15bf8831033c12a1d8"}
}
