TN:
SF:src\App.js
FN:22,(anonymous_0)
FNF:1
FNH:0
FNDA:0,(anonymous_0)
DA:22,1
DA:23,0
LF:2
LH:1
BRF:0
BRH:0
end_of_record
TN:
SF:src\components\navbar.js
FN:5,(anonymous_0)
FNF:1
FNH:1
FNDA:44,(anonymous_0)
DA:5,5
DA:6,44
LF:2
LH:2
BRF:0
BRH:0
end_of_record
TN:
SF:src\pages\AddUser.js
FN:8,AddUser
FN:15,(anonymous_1)
FN:25,(anonymous_2)
FN:95,(anonymous_3)
FN:116,(anonymous_4)
FN:136,(anonymous_5)
FN:152,(anonymous_6)
FN:171,(anonymous_7)
FNF:8
FNH:3
FNDA:22,AddUser
FNDA:2,(anonymous_1)
FNDA:1,(anonymous_2)
FNDA:0,(anonymous_3)
FNDA:0,(anonymous_4)
FNDA:0,(anonymous_5)
FNDA:0,(anonymous_6)
FNDA:0,(anonymous_7)
DA:9,22
DA:10,22
DA:11,22
DA:12,22
DA:13,22
DA:14,22
DA:15,22
DA:16,2
DA:17,2
DA:18,2
DA:19,2
DA:20,2
DA:21,2
DA:22,2
DA:25,22
DA:26,1
DA:27,1
DA:28,1
DA:29,1
DA:30,1
DA:31,1
DA:32,1
DA:39,1
DA:40,1
DA:53,0
DA:54,0
DA:55,0
DA:56,0
DA:57,0
DA:58,0
DA:59,0
DA:60,0
DA:61,0
DA:63,0
DA:64,0
DA:66,0
DA:67,0
DA:68,0
DA:72,22
DA:95,0
DA:116,0
DA:136,0
DA:152,0
DA:171,0
LF:44
LH:25
BRDA:60,0,0,0
BRDA:60,0,1,0
BRDA:63,1,0,0
BRDA:63,1,1,0
BRDA:66,2,0,0
BRDA:66,2,1,0
BRF:6
BRH:0
end_of_record
TN:
SF:src\pages\SearchList.js
FN:7,SearchList
FN:28,(anonymous_1)
FNF:2
FNH:1
FNDA:2,SearchList
FNDA:0,(anonymous_1)
DA:8,2
DA:29,0
LF:2
LH:1
BRDA:10,0,0,0
BRDA:10,0,1,2
BRDA:14,1,0,0
BRDA:14,1,1,0
BRF:4
BRH:1
end_of_record
TN:
SF:src\pages\SingleList.js
FN:7,SingleList
FN:13,(anonymous_1)
FN:42,(anonymous_2)
FNF:3
FNH:2
FNDA:1,SingleList
FNDA:0,(anonymous_1)
FNDA:1,(anonymous_2)
DA:8,1
DA:9,1
DA:10,1
DA:11,1
DA:12,1
DA:13,1
DA:14,0
DA:31,0
DA:32,0
DA:35,0
DA:36,0
DA:38,0
DA:39,0
DA:42,1
DA:43,1
DA:44,1
DA:45,1
DA:46,1
DA:47,1
DA:48,1
DA:50,1
LF:21
LH:14
BRDA:31,0,0,0
BRDA:31,0,1,0
BRDA:35,1,0,0
BRDA:35,1,1,0
BRF:4
BRH:0
end_of_record
TN:
SF:src\pages\UpdateUser.js
FN:7,UpdateUser
FN:16,update
FN:42,(anonymous_2)
FN:48,(anonymous_3)
FN:49,(anonymous_4)
FN:62,handleCancel
FNF:6
FNH:4
FNDA:9,UpdateUser
FNDA:1,update
FNDA:7,(anonymous_2)
FNDA:0,(anonymous_3)
FNDA:0,(anonymous_4)
FNDA:1,handleCancel
DA:8,9
DA:9,8
DA:10,8
DA:11,8
DA:12,8
DA:13,8
DA:14,8
DA:17,1
DA:18,1
DA:31,1
DA:32,0
DA:34,0
DA:35,0
DA:37,0
DA:38,0
DA:39,0
DA:42,8
DA:43,7
DA:48,0
DA:50,0
DA:51,0
DA:52,0
DA:54,0
DA:55,0
DA:56,0
DA:57,0
DA:58,0
DA:63,1
DA:64,1
DA:67,8
LF:30
LH:15
BRDA:31,0,0,0
BRDA:31,0,1,0
BRDA:34,1,0,0
BRDA:34,1,1,0
BRDA:37,2,0,0
BRDA:37,2,1,0
BRDA:50,3,0,0
BRDA:50,3,1,0
BRF:8
BRH:0
end_of_record
TN:
SF:src\pages\UserList.js
FN:10,UserList
FN:21,(anonymous_1)
FN:26,(anonymous_2)
FN:28,(anonymous_3)
FN:30,(anonymous_4)
FN:35,(anonymous_5)
FN:37,search
FNF:7
FNH:3
FNDA:15,UserList
FNDA:2,(anonymous_1)
FNDA:0,(anonymous_2)
FNDA:0,(anonymous_3)
FNDA:0,(anonymous_4)
FNDA:0,(anonymous_5)
FNDA:1,search
DA:11,15
DA:12,13
DA:13,13
DA:14,13
DA:15,13
DA:16,13
DA:17,13
DA:18,13
DA:19,13
DA:21,13
DA:22,2
DA:23,2
DA:26,13
DA:27,0
DA:28,0
DA:30,13
DA:31,0
DA:32,0
DA:34,0
DA:35,0
DA:38,1
DA:39,1
DA:40,1
DA:53,0
DA:54,0
DA:57,13
LF:26
LH:18
BRDA:31,0,0,0
BRDA:31,0,1,0
BRDA:171,1,0,13
BRDA:171,1,1,1
BRF:4
BRH:2
end_of_record
